2023-08-25T09:32:42.021+05:00  INFO [news,,] DESKTOP-3D9VEJF 8820 --- [main] c.r.database.application.Application     : Starting Application using Java 20.0.2 with PID 8820 (C:\Users\muttahir.islam\Downloads\application\application\target\classes started by muttahir.islam in C:\Users\muttahir.islam\Downloads\application)
2023-08-25T09:32:42.029+05:00  INFO [news,,] DESKTOP-3D9VEJF 8820 --- [main] c.r.database.application.Application     : No active profile set, falling back to 1 default profile: "default"
2023-08-25T09:32:43.084+05:00  INFO [news,,] DESKTOP-3D9VEJF 8820 --- [main] .s.d.r.c.RepositoryConfigurationDelegate : Bootstrapping Spring Data JPA repositories in DEFAULT mode.
2023-08-25T09:32:43.150+05:00  INFO [news,,] DESKTOP-3D9VEJF 8820 --- [main] .s.d.r.c.RepositoryConfigurationDelegate : Finished Spring Data repository scanning in 57 ms. Found 2 JPA repository interfaces.
2023-08-25T09:32:43.852+05:00  INFO [news,,] DESKTOP-3D9VEJF 8820 --- [main] o.s.b.w.embedded.tomcat.TomcatWebServer  : Tomcat initialized with port(s): 8080 (http)
2023-08-25T09:32:43.862+05:00  INFO [news,,] DESKTOP-3D9VEJF 8820 --- [main] o.apache.catalina.core.StandardService   : Starting service [Tomcat]
2023-08-25T09:32:43.862+05:00  INFO [news,,] DESKTOP-3D9VEJF 8820 --- [main] o.apache.catalina.core.StandardEngine    : Starting Servlet engine: [Apache Tomcat/10.1.11]
2023-08-25T09:32:43.965+05:00  INFO [news,,] DESKTOP-3D9VEJF 8820 --- [main] o.a.c.c.C.[Tomcat].[localhost].[/]       : Initializing Spring embedded WebApplicationContext
2023-08-25T09:32:43.965+05:00  INFO [news,,] DESKTOP-3D9VEJF 8820 --- [main] w.s.c.ServletWebServerApplicationContext : Root WebApplicationContext: initialization completed in 1855 ms
2023-08-25T09:32:44.003+05:00  INFO [news,,] DESKTOP-3D9VEJF 8820 --- [main] com.zaxxer.hikari.HikariDataSource       : HikariPool-1 - Starting...
2023-08-25T09:32:44.199+05:00  INFO [news,,] DESKTOP-3D9VEJF 8820 --- [main] com.zaxxer.hikari.pool.HikariPool        : HikariPool-1 - Added connection conn0: url=jdbc:h2:mem:cd717b99-ddc0-4271-8d87-4b761d6161f5 user=SA
2023-08-25T09:32:44.201+05:00  INFO [news,,] DESKTOP-3D9VEJF 8820 --- [main] com.zaxxer.hikari.HikariDataSource       : HikariPool-1 - Start completed.
2023-08-25T09:32:44.213+05:00  INFO [news,,] DESKTOP-3D9VEJF 8820 --- [main] o.s.b.a.h2.H2ConsoleAutoConfiguration    : H2 console available at '/h2-console'. Database available at 'jdbc:h2:mem:cd717b99-ddc0-4271-8d87-4b761d6161f5'
2023-08-25T09:32:44.247+05:00 DEBUG [news,,] DESKTOP-3D9VEJF 8820 --- [main] o.s.b.w.s.ServletContextInitializerBeans : Mapping filters: springSecurityFilterChain urls=[/*] order=-100, characterEncodingFilter urls=[/*] order=-2147483648, formContentFilter urls=[/*] order=-9900, requestContextFilter urls=[/*] order=-105
2023-08-25T09:32:44.248+05:00 DEBUG [news,,] DESKTOP-3D9VEJF 8820 --- [main] o.s.b.w.s.ServletContextInitializerBeans : Mapping servlets: dispatcherServlet urls=[/], h2Console urls=[/h2-console/*]
2023-08-25T09:32:44.396+05:00  INFO [news,,] DESKTOP-3D9VEJF 8820 --- [main] liquibase.database                       : Set default schema name to PUBLIC
2023-08-25T09:32:44.885+05:00  INFO [news,,] DESKTOP-3D9VEJF 8820 --- [main] liquibase.executor                       : Changelog query completed.
2023-08-25T09:32:44.888+05:00  INFO [news,,] DESKTOP-3D9VEJF 8820 --- [main] liquibase.executor                       : Changelog query completed.
2023-08-25T09:32:44.892+05:00  INFO [news,,] DESKTOP-3D9VEJF 8820 --- [main] liquibase.executor                       : Changelog query completed.
2023-08-25T09:32:44.895+05:00  INFO [news,,] DESKTOP-3D9VEJF 8820 --- [main] liquibase.executor                       : Changelog query completed.
2023-08-25T09:32:44.900+05:00  INFO [news,,] DESKTOP-3D9VEJF 8820 --- [main] liquibase.executor                       : Changelog query completed.
2023-08-25T09:32:44.901+05:00  INFO [news,,] DESKTOP-3D9VEJF 8820 --- [main] liquibase.lockservice                    : Successfully acquired change log lock
2023-08-25T09:32:44.915+05:00  INFO [news,,] DESKTOP-3D9VEJF 8820 --- [main] liquibase.changelog                      : Creating database history table with name: PUBLIC.DATABASECHANGELOG
2023-08-25T09:32:44.919+05:00  INFO [news,,] DESKTOP-3D9VEJF 8820 --- [main] liquibase.executor                       : Changelog query completed.
2023-08-25T09:32:44.920+05:00  INFO [news,,] DESKTOP-3D9VEJF 8820 --- [main] liquibase.changelog                      : Reading from PUBLIC.DATABASECHANGELOG
2023-08-25T09:32:44.923+05:00  INFO [news,,] DESKTOP-3D9VEJF 8820 --- [main] liquibase.executor                       : Changelog query completed.
2023-08-25T09:32:44.924+05:00  INFO [news,,] DESKTOP-3D9VEJF 8820 --- [main] liquibase.executor                       : Changelog query completed.
2023-08-25T09:32:45.001+05:00  INFO [news,,] DESKTOP-3D9VEJF 8820 --- [main] liquibase.changelog                      : Table news created
2023-08-25T09:32:45.003+05:00  INFO [news,,] DESKTOP-3D9VEJF 8820 --- [main] liquibase.changelog                      : Primary key added to news (id)
2023-08-25T09:32:45.005+05:00  INFO [news,,] DESKTOP-3D9VEJF 8820 --- [main] liquibase.changelog                      : Index news_ix_01 created
2023-08-25T09:32:45.005+05:00  INFO [news,,] DESKTOP-3D9VEJF 8820 --- [main] liquibase.changelog                      : ChangeSet db/changelog/db.changelog-schema-0.0.1.yaml::schema-0.0.1::news team ran successfully in 7ms
2023-08-25T09:32:45.008+05:00  INFO [news,,] DESKTOP-3D9VEJF 8820 --- [main] liquibase.executor                       : Changelog query completed.
2023-08-25T09:32:45.010+05:00  INFO [news,,] DESKTOP-3D9VEJF 8820 --- [main] liquibase.executor                       : Changelog query completed.
2023-08-25T09:32:45.012+05:00  INFO [news,,] DESKTOP-3D9VEJF 8820 --- [main] liquibase.changelog                      : New row inserted into news
2023-08-25T09:32:45.013+05:00  INFO [news,,] DESKTOP-3D9VEJF 8820 --- [main] liquibase.changelog                      : New row inserted into news
2023-08-25T09:32:45.013+05:00  INFO [news,,] DESKTOP-3D9VEJF 8820 --- [main] liquibase.changelog                      : ChangeSet db/changelog/db.changelog-data-0.0.1.yaml::data-0.0.1::news team ran successfully in 3ms
2023-08-25T09:32:45.015+05:00  INFO [news,,] DESKTOP-3D9VEJF 8820 --- [main] liquibase.executor                       : Changelog query completed.
2023-08-25T09:32:45.018+05:00  INFO [news,,] DESKTOP-3D9VEJF 8820 --- [main] liquibase.changelog                      : Table users created
2023-08-25T09:32:45.023+05:00  INFO [news,,] DESKTOP-3D9VEJF 8820 --- [main] liquibase.changelog                      : Primary key added to users (id)
2023-08-25T09:32:45.025+05:00  INFO [news,,] DESKTOP-3D9VEJF 8820 --- [main] liquibase.changelog                      : Unique constraint added to users(user_name)
2023-08-25T09:32:45.025+05:00  INFO [news,,] DESKTOP-3D9VEJF 8820 --- [main] liquibase.changelog                      : ChangeSet db/changelog/db.changelog-schema-0.0.2.yaml::schema-0.0.2::news team ran successfully in 9ms
2023-08-25T09:32:45.027+05:00  INFO [news,,] DESKTOP-3D9VEJF 8820 --- [main] liquibase.executor                       : Changelog query completed.
2023-08-25T09:32:45.029+05:00  INFO [news,,] DESKTOP-3D9VEJF 8820 --- [main] liquibase.changelog                      : New row inserted into users
2023-08-25T09:32:45.031+05:00  INFO [news,,] DESKTOP-3D9VEJF 8820 --- [main] liquibase.changelog                      : New row inserted into users
2023-08-25T09:32:45.031+05:00  INFO [news,,] DESKTOP-3D9VEJF 8820 --- [main] liquibase.changelog                      : ChangeSet db/changelog/db.changelog-data-0.0.2.yaml::data-0.0.2::news team ran successfully in 3ms
2023-08-25T09:32:45.032+05:00  INFO [news,,] DESKTOP-3D9VEJF 8820 --- [main] liquibase.executor                       : Changelog query completed.
2023-08-25T09:32:45.033+05:00  INFO [news,,] DESKTOP-3D9VEJF 8820 --- [main] liquibase                                : Update command completed successfully.
2023-08-25T09:32:45.035+05:00  INFO [news,,] DESKTOP-3D9VEJF 8820 --- [main] liquibase.executor                       : Changelog query completed.
2023-08-25T09:32:45.035+05:00  INFO [news,,] DESKTOP-3D9VEJF 8820 --- [main] liquibase.lockservice                    : Successfully released change log lock
2023-08-25T09:32:45.156+05:00  INFO [news,,] DESKTOP-3D9VEJF 8820 --- [main] o.hibernate.jpa.internal.util.LogHelper  : HHH000204: Processing PersistenceUnitInfo [name: default]
2023-08-25T09:32:45.217+05:00  INFO [news,,] DESKTOP-3D9VEJF 8820 --- [main] org.hibernate.Version                    : HHH000412: Hibernate ORM core version 6.2.6.Final
2023-08-25T09:32:45.219+05:00  INFO [news,,] DESKTOP-3D9VEJF 8820 --- [main] org.hibernate.cfg.Environment            : HHH000406: Using bytecode reflection optimizer
2023-08-25T09:32:45.364+05:00  INFO [news,,] DESKTOP-3D9VEJF 8820 --- [main] o.h.b.i.BytecodeProviderInitiator        : HHH000021: Bytecode provider name : bytebuddy
2023-08-25T09:32:45.496+05:00  INFO [news,,] DESKTOP-3D9VEJF 8820 --- [main] o.s.o.j.p.SpringPersistenceUnitInfo      : No LoadTimeWeaver setup: ignoring JPA class transformer
2023-08-25T09:32:45.721+05:00  INFO [news,,] DESKTOP-3D9VEJF 8820 --- [main] o.h.b.i.BytecodeProviderInitiator        : HHH000021: Bytecode provider name : bytebuddy
2023-08-25T09:32:46.261+05:00  INFO [news,,] DESKTOP-3D9VEJF 8820 --- [main] o.h.e.t.j.p.i.JtaPlatformInitiator       : HHH000490: Using JtaPlatform implementation: [org.hibernate.engine.transaction.jta.platform.internal.NoJtaPlatform]
2023-08-25T09:32:46.264+05:00  INFO [news,,] DESKTOP-3D9VEJF 8820 --- [main] j.LocalContainerEntityManagerFactoryBean : Initialized JPA EntityManagerFactory for persistence unit 'default'
2023-08-25T09:32:46.883+05:00 DEBUG [news,,] DESKTOP-3D9VEJF 8820 --- [main] s.w.s.m.m.a.RequestMappingHandlerAdapter : ControllerAdvice beans: 0 @ModelAttribute, 0 @InitBinder, 1 RequestBodyAdvice, 1 ResponseBodyAdvice
2023-08-25T09:32:46.970+05:00 DEBUG [news,,] DESKTOP-3D9VEJF 8820 --- [main] s.w.s.m.m.a.RequestMappingHandlerMapping : 7 mappings in 'requestMappingHandlerMapping'
2023-08-25T09:32:46.987+05:00 DEBUG [news,,] DESKTOP-3D9VEJF 8820 --- [main] o.s.w.s.handler.SimpleUrlHandlerMapping  : Patterns [/webjars/**, /**] in 'resourceHandlerMapping'
2023-08-25T09:32:46.994+05:00 DEBUG [news,,] DESKTOP-3D9VEJF 8820 --- [main] .m.m.a.ExceptionHandlerExceptionResolver : ControllerAdvice beans: 0 @ExceptionHandler, 1 ResponseBodyAdvice
2023-08-25T09:32:47.413+05:00  INFO [news,,] DESKTOP-3D9VEJF 8820 --- [main] o.s.s.web.DefaultSecurityFilterChain     : Will secure any request with [org.springframework.security.web.session.DisableEncodeUrlFilter@3f0c2eff, org.springframework.security.web.context.request.async.WebAsyncManagerIntegrationFilter@7cddc50f, org.springframework.security.web.context.SecurityContextHolderFilter@adbc3bc, org.springframework.security.web.header.HeaderWriterFilter@7bbe5548, org.springframework.security.web.csrf.CsrfFilter@40dd2cfe, org.springframework.security.web.authentication.logout.LogoutFilter@52dc71b2, org.springframework.security.web.authentication.UsernamePasswordAuthenticationFilter@7896e96a, org.springframework.security.web.authentication.ui.DefaultLoginPageGeneratingFilter@3437fc4f, org.springframework.security.web.authentication.ui.DefaultLogoutPageGeneratingFilter@1e60890c, org.springframework.security.web.authentication.www.BasicAuthenticationFilter@6ba516ff, org.springframework.security.web.savedrequest.RequestCacheAwareFilter@5d3f583d, org.springframework.security.web.servletapi.SecurityContextHolderAwareRequestFilter@307ba188, org.springframework.security.web.authentication.AnonymousAuthenticationFilter@c680819, org.springframework.security.web.access.ExceptionTranslationFilter@5603632c, org.springframework.security.web.access.intercept.AuthorizationFilter@569026df]
2023-08-25T09:32:47.477+05:00  INFO [news,,] DESKTOP-3D9VEJF 8820 --- [main] o.s.b.w.embedded.tomcat.TomcatWebServer  : Tomcat started on port(s): 8080 (http) with context path ''
2023-08-25T09:32:47.488+05:00  INFO [news,,] DESKTOP-3D9VEJF 8820 --- [main] c.r.database.application.Application     : Started Application in 6.051 seconds (process running for 6.589)
2023-08-25T10:10:52.648+05:00  INFO [news,,] DESKTOP-3D9VEJF 16256 --- [main] c.r.database.application.Application     : Starting Application using Java 20.0.2 with PID 16256 (C:\Users\muttahir.islam\Downloads\application\application\target\classes started by muttahir.islam in C:\Users\muttahir.islam\Downloads\application)
2023-08-25T10:10:52.650+05:00  INFO [news,,] DESKTOP-3D9VEJF 16256 --- [main] c.r.database.application.Application     : No active profile set, falling back to 1 default profile: "default"
2023-08-25T10:10:53.322+05:00  INFO [news,,] DESKTOP-3D9VEJF 16256 --- [main] .s.d.r.c.RepositoryConfigurationDelegate : Bootstrapping Spring Data JPA repositories in DEFAULT mode.
2023-08-25T10:10:53.382+05:00  INFO [news,,] DESKTOP-3D9VEJF 16256 --- [main] .s.d.r.c.RepositoryConfigurationDelegate : Finished Spring Data repository scanning in 51 ms. Found 2 JPA repository interfaces.
2023-08-25T10:10:54.006+05:00  INFO [news,,] DESKTOP-3D9VEJF 16256 --- [main] o.s.b.w.embedded.tomcat.TomcatWebServer  : Tomcat initialized with port(s): 8080 (http)
2023-08-25T10:10:54.015+05:00  INFO [news,,] DESKTOP-3D9VEJF 16256 --- [main] o.apache.catalina.core.StandardService   : Starting service [Tomcat]
2023-08-25T10:10:54.016+05:00  INFO [news,,] DESKTOP-3D9VEJF 16256 --- [main] o.apache.catalina.core.StandardEngine    : Starting Servlet engine: [Apache Tomcat/10.1.11]
2023-08-25T10:10:54.113+05:00  INFO [news,,] DESKTOP-3D9VEJF 16256 --- [main] o.a.c.c.C.[Tomcat].[localhost].[/]       : Initializing Spring embedded WebApplicationContext
2023-08-25T10:10:54.113+05:00  INFO [news,,] DESKTOP-3D9VEJF 16256 --- [main] w.s.c.ServletWebServerApplicationContext : Root WebApplicationContext: initialization completed in 1409 ms
2023-08-25T10:10:54.142+05:00  INFO [news,,] DESKTOP-3D9VEJF 16256 --- [main] com.zaxxer.hikari.HikariDataSource       : HikariPool-1 - Starting...
2023-08-25T10:10:54.321+05:00  INFO [news,,] DESKTOP-3D9VEJF 16256 --- [main] com.zaxxer.hikari.pool.HikariPool        : HikariPool-1 - Added connection conn0: url=jdbc:h2:mem:844707e2-6ca8-4f6e-abe1-659313df4075 user=SA
2023-08-25T10:10:54.323+05:00  INFO [news,,] DESKTOP-3D9VEJF 16256 --- [main] com.zaxxer.hikari.HikariDataSource       : HikariPool-1 - Start completed.
2023-08-25T10:10:54.333+05:00  INFO [news,,] DESKTOP-3D9VEJF 16256 --- [main] o.s.b.a.h2.H2ConsoleAutoConfiguration    : H2 console available at '/h2-console'. Database available at 'jdbc:h2:mem:844707e2-6ca8-4f6e-abe1-659313df4075'
2023-08-25T10:10:54.356+05:00 DEBUG [news,,] DESKTOP-3D9VEJF 16256 --- [main] o.s.b.w.s.ServletContextInitializerBeans : Mapping filters: springSecurityFilterChain urls=[/*] order=-100, characterEncodingFilter urls=[/*] order=-2147483648, formContentFilter urls=[/*] order=-9900, requestContextFilter urls=[/*] order=-105
2023-08-25T10:10:54.357+05:00 DEBUG [news,,] DESKTOP-3D9VEJF 16256 --- [main] o.s.b.w.s.ServletContextInitializerBeans : Mapping servlets: dispatcherServlet urls=[/], h2Console urls=[/h2-console/*]
2023-08-25T10:10:54.504+05:00  INFO [news,,] DESKTOP-3D9VEJF 16256 --- [main] liquibase.database                       : Set default schema name to PUBLIC
2023-08-25T10:10:54.955+05:00  INFO [news,,] DESKTOP-3D9VEJF 16256 --- [main] liquibase.executor                       : Changelog query completed.
2023-08-25T10:10:54.958+05:00  INFO [news,,] DESKTOP-3D9VEJF 16256 --- [main] liquibase.executor                       : Changelog query completed.
2023-08-25T10:10:54.962+05:00  INFO [news,,] DESKTOP-3D9VEJF 16256 --- [main] liquibase.executor                       : Changelog query completed.
2023-08-25T10:10:54.965+05:00  INFO [news,,] DESKTOP-3D9VEJF 16256 --- [main] liquibase.executor                       : Changelog query completed.
2023-08-25T10:10:54.969+05:00  INFO [news,,] DESKTOP-3D9VEJF 16256 --- [main] liquibase.executor                       : Changelog query completed.
2023-08-25T10:10:54.970+05:00  INFO [news,,] DESKTOP-3D9VEJF 16256 --- [main] liquibase.lockservice                    : Successfully acquired change log lock
2023-08-25T10:10:54.983+05:00  INFO [news,,] DESKTOP-3D9VEJF 16256 --- [main] liquibase.changelog                      : Creating database history table with name: PUBLIC.DATABASECHANGELOG
2023-08-25T10:10:54.987+05:00  INFO [news,,] DESKTOP-3D9VEJF 16256 --- [main] liquibase.executor                       : Changelog query completed.
2023-08-25T10:10:54.988+05:00  INFO [news,,] DESKTOP-3D9VEJF 16256 --- [main] liquibase.changelog                      : Reading from PUBLIC.DATABASECHANGELOG
2023-08-25T10:10:54.990+05:00  INFO [news,,] DESKTOP-3D9VEJF 16256 --- [main] liquibase.executor                       : Changelog query completed.
2023-08-25T10:10:54.991+05:00  INFO [news,,] DESKTOP-3D9VEJF 16256 --- [main] liquibase.executor                       : Changelog query completed.
2023-08-25T10:10:55.036+05:00  INFO [news,,] DESKTOP-3D9VEJF 16256 --- [main] liquibase.changelog                      : Table news created
2023-08-25T10:10:55.038+05:00  INFO [news,,] DESKTOP-3D9VEJF 16256 --- [main] liquibase.changelog                      : Primary key added to news (id)
2023-08-25T10:10:55.040+05:00  INFO [news,,] DESKTOP-3D9VEJF 16256 --- [main] liquibase.changelog                      : Index news_ix_01 created
2023-08-25T10:10:55.041+05:00  INFO [news,,] DESKTOP-3D9VEJF 16256 --- [main] liquibase.changelog                      : ChangeSet db/changelog/db.changelog-schema-0.0.1.yaml::schema-0.0.1::news team ran successfully in 7ms
2023-08-25T10:10:55.044+05:00  INFO [news,,] DESKTOP-3D9VEJF 16256 --- [main] liquibase.executor                       : Changelog query completed.
2023-08-25T10:10:55.045+05:00  INFO [news,,] DESKTOP-3D9VEJF 16256 --- [main] liquibase.executor                       : Changelog query completed.
2023-08-25T10:10:55.048+05:00  INFO [news,,] DESKTOP-3D9VEJF 16256 --- [main] liquibase.changelog                      : New row inserted into news
2023-08-25T10:10:55.049+05:00  INFO [news,,] DESKTOP-3D9VEJF 16256 --- [main] liquibase.changelog                      : New row inserted into news
2023-08-25T10:10:55.050+05:00  INFO [news,,] DESKTOP-3D9VEJF 16256 --- [main] liquibase.changelog                      : ChangeSet db/changelog/db.changelog-data-0.0.1.yaml::data-0.0.1::news team ran successfully in 4ms
2023-08-25T10:10:55.052+05:00  INFO [news,,] DESKTOP-3D9VEJF 16256 --- [main] liquibase.executor                       : Changelog query completed.
2023-08-25T10:10:55.056+05:00  INFO [news,,] DESKTOP-3D9VEJF 16256 --- [main] liquibase.changelog                      : Table users created
2023-08-25T10:10:55.057+05:00  INFO [news,,] DESKTOP-3D9VEJF 16256 --- [main] liquibase.changelog                      : Primary key added to users (id)
2023-08-25T10:10:55.059+05:00  INFO [news,,] DESKTOP-3D9VEJF 16256 --- [main] liquibase.changelog                      : Unique constraint added to users(user_name)
2023-08-25T10:10:55.060+05:00  INFO [news,,] DESKTOP-3D9VEJF 16256 --- [main] liquibase.changelog                      : ChangeSet db/changelog/db.changelog-schema-0.0.2.yaml::schema-0.0.2::news team ran successfully in 7ms
2023-08-25T10:10:55.061+05:00  INFO [news,,] DESKTOP-3D9VEJF 16256 --- [main] liquibase.executor                       : Changelog query completed.
2023-08-25T10:10:55.064+05:00  INFO [news,,] DESKTOP-3D9VEJF 16256 --- [main] liquibase.changelog                      : New row inserted into users
2023-08-25T10:10:55.066+05:00  INFO [news,,] DESKTOP-3D9VEJF 16256 --- [main] liquibase.changelog                      : New row inserted into users
2023-08-25T10:10:55.066+05:00  INFO [news,,] DESKTOP-3D9VEJF 16256 --- [main] liquibase.changelog                      : ChangeSet db/changelog/db.changelog-data-0.0.2.yaml::data-0.0.2::news team ran successfully in 4ms
2023-08-25T10:10:55.068+05:00  INFO [news,,] DESKTOP-3D9VEJF 16256 --- [main] liquibase.executor                       : Changelog query completed.
2023-08-25T10:10:55.069+05:00  INFO [news,,] DESKTOP-3D9VEJF 16256 --- [main] liquibase                                : Update command completed successfully.
2023-08-25T10:10:55.071+05:00  INFO [news,,] DESKTOP-3D9VEJF 16256 --- [main] liquibase.executor                       : Changelog query completed.
2023-08-25T10:10:55.071+05:00  INFO [news,,] DESKTOP-3D9VEJF 16256 --- [main] liquibase.lockservice                    : Successfully released change log lock
2023-08-25T10:10:55.148+05:00  INFO [news,,] DESKTOP-3D9VEJF 16256 --- [main] o.hibernate.jpa.internal.util.LogHelper  : HHH000204: Processing PersistenceUnitInfo [name: default]
2023-08-25T10:10:55.207+05:00  INFO [news,,] DESKTOP-3D9VEJF 16256 --- [main] org.hibernate.Version                    : HHH000412: Hibernate ORM core version 6.2.6.Final
2023-08-25T10:10:55.210+05:00  INFO [news,,] DESKTOP-3D9VEJF 16256 --- [main] org.hibernate.cfg.Environment            : HHH000406: Using bytecode reflection optimizer
2023-08-25T10:10:55.359+05:00  INFO [news,,] DESKTOP-3D9VEJF 16256 --- [main] o.h.b.i.BytecodeProviderInitiator        : HHH000021: Bytecode provider name : bytebuddy
2023-08-25T10:10:55.495+05:00  INFO [news,,] DESKTOP-3D9VEJF 16256 --- [main] o.s.o.j.p.SpringPersistenceUnitInfo      : No LoadTimeWeaver setup: ignoring JPA class transformer
2023-08-25T10:10:55.709+05:00  INFO [news,,] DESKTOP-3D9VEJF 16256 --- [main] o.h.b.i.BytecodeProviderInitiator        : HHH000021: Bytecode provider name : bytebuddy
2023-08-25T10:10:56.244+05:00  INFO [news,,] DESKTOP-3D9VEJF 16256 --- [main] o.h.e.t.j.p.i.JtaPlatformInitiator       : HHH000490: Using JtaPlatform implementation: [org.hibernate.engine.transaction.jta.platform.internal.NoJtaPlatform]
2023-08-25T10:10:56.247+05:00  INFO [news,,] DESKTOP-3D9VEJF 16256 --- [main] j.LocalContainerEntityManagerFactoryBean : Initialized JPA EntityManagerFactory for persistence unit 'default'
2023-08-25T10:10:56.720+05:00 DEBUG [news,,] DESKTOP-3D9VEJF 16256 --- [main] s.w.s.m.m.a.RequestMappingHandlerAdapter : ControllerAdvice beans: 0 @ModelAttribute, 0 @InitBinder, 1 RequestBodyAdvice, 1 ResponseBodyAdvice
2023-08-25T10:10:56.800+05:00 DEBUG [news,,] DESKTOP-3D9VEJF 16256 --- [main] s.w.s.m.m.a.RequestMappingHandlerMapping : 7 mappings in 'requestMappingHandlerMapping'
2023-08-25T10:10:56.821+05:00 DEBUG [news,,] DESKTOP-3D9VEJF 16256 --- [main] o.s.w.s.handler.SimpleUrlHandlerMapping  : Patterns [/webjars/**, /**] in 'resourceHandlerMapping'
2023-08-25T10:10:56.829+05:00 DEBUG [news,,] DESKTOP-3D9VEJF 16256 --- [main] .m.m.a.ExceptionHandlerExceptionResolver : ControllerAdvice beans: 0 @ExceptionHandler, 1 ResponseBodyAdvice
2023-08-25T10:10:57.036+05:00  INFO [news,,] DESKTOP-3D9VEJF 16256 --- [main] o.s.s.web.DefaultSecurityFilterChain     : Will secure any request with [org.springframework.security.web.session.DisableEncodeUrlFilter@56afbace, org.springframework.security.web.context.request.async.WebAsyncManagerIntegrationFilter@40dcbf7, org.springframework.security.web.context.SecurityContextHolderFilter@2c3f81ef, org.springframework.security.web.header.HeaderWriterFilter@403b7be3, org.springframework.security.web.csrf.CsrfFilter@7305a443, org.springframework.security.web.authentication.logout.LogoutFilter@6ba516ff, org.springframework.security.web.authentication.UsernamePasswordAuthenticationFilter@167ccc3c, org.springframework.security.web.authentication.ui.DefaultLoginPageGeneratingFilter@3c00da24, org.springframework.security.web.authentication.ui.DefaultLogoutPageGeneratingFilter@53850535, org.springframework.security.web.authentication.www.BasicAuthenticationFilter@2bef33e7, org.springframework.security.web.savedrequest.RequestCacheAwareFilter@712dd0b0, org.springframework.security.web.servletapi.SecurityContextHolderAwareRequestFilter@78d49939, org.springframework.security.web.authentication.AnonymousAuthenticationFilter@19565b5, org.springframework.security.web.access.ExceptionTranslationFilter@709c6768, org.springframework.security.web.access.intercept.AuthorizationFilter@5a183fa6]
2023-08-25T10:10:57.084+05:00  INFO [news,,] DESKTOP-3D9VEJF 16256 --- [main] o.s.b.w.embedded.tomcat.TomcatWebServer  : Tomcat started on port(s): 8080 (http) with context path ''
2023-08-25T10:10:57.093+05:00  INFO [news,,] DESKTOP-3D9VEJF 16256 --- [main] c.r.database.application.Application     : Started Application in 4.964 seconds (process running for 5.327)
2023-08-25T10:55:34.236+05:00  WARN [news,,] DESKTOP-3D9VEJF 16256 --- [HikariPool-1 housekeeper] com.zaxxer.hikari.pool.HikariPool        : HikariPool-1 - Thread starvation or clock leap detected (housekeeper delta=6m9s359ms845µs).
2023-08-25T11:49:11.722+05:00  INFO [news,,] DESKTOP-3D9VEJF 16256 --- [SpringApplicationShutdownHook] j.LocalContainerEntityManagerFactoryBean : Closing JPA EntityManagerFactory for persistence unit 'default'
2023-08-25T11:49:11.724+05:00  INFO [news,,] DESKTOP-3D9VEJF 16256 --- [SpringApplicationShutdownHook] com.zaxxer.hikari.HikariDataSource       : HikariPool-1 - Shutdown initiated...
2023-08-25T11:49:11.727+05:00  INFO [news,,] DESKTOP-3D9VEJF 16256 --- [SpringApplicationShutdownHook] com.zaxxer.hikari.HikariDataSource       : HikariPool-1 - Shutdown completed.
2023-08-25T14:11:56.987+05:00  INFO [news,,] DESKTOP-3D9VEJF 1564 --- [main] c.r.database.application.Application     : Starting Application using Java 20.0.2 with PID 1564 (C:\Users\muttahir.islam\Downloads\application\application\target\classes started by muttahir.islam in C:\Users\muttahir.islam\Downloads\application)
2023-08-25T14:11:56.989+05:00  INFO [news,,] DESKTOP-3D9VEJF 1564 --- [main] c.r.database.application.Application     : No active profile set, falling back to 1 default profile: "default"
2023-08-25T14:11:57.668+05:00  INFO [news,,] DESKTOP-3D9VEJF 1564 --- [main] .s.d.r.c.RepositoryConfigurationDelegate : Bootstrapping Spring Data JPA repositories in DEFAULT mode.
2023-08-25T14:11:57.733+05:00  INFO [news,,] DESKTOP-3D9VEJF 1564 --- [main] .s.d.r.c.RepositoryConfigurationDelegate : Finished Spring Data repository scanning in 56 ms. Found 2 JPA repository interfaces.
2023-08-25T14:11:58.383+05:00  INFO [news,,] DESKTOP-3D9VEJF 1564 --- [main] o.s.b.w.embedded.tomcat.TomcatWebServer  : Tomcat initialized with port(s): 8080 (http)
2023-08-25T14:11:58.393+05:00  INFO [news,,] DESKTOP-3D9VEJF 1564 --- [main] o.apache.catalina.core.StandardService   : Starting service [Tomcat]
2023-08-25T14:11:58.393+05:00  INFO [news,,] DESKTOP-3D9VEJF 1564 --- [main] o.apache.catalina.core.StandardEngine    : Starting Servlet engine: [Apache Tomcat/10.1.11]
2023-08-25T14:11:58.501+05:00  INFO [news,,] DESKTOP-3D9VEJF 1564 --- [main] o.a.c.c.C.[Tomcat].[localhost].[/]       : Initializing Spring embedded WebApplicationContext
2023-08-25T14:11:58.501+05:00  INFO [news,,] DESKTOP-3D9VEJF 1564 --- [main] w.s.c.ServletWebServerApplicationContext : Root WebApplicationContext: initialization completed in 1463 ms
2023-08-25T14:11:58.530+05:00  INFO [news,,] DESKTOP-3D9VEJF 1564 --- [main] com.zaxxer.hikari.HikariDataSource       : HikariPool-1 - Starting...
2023-08-25T14:11:58.701+05:00  INFO [news,,] DESKTOP-3D9VEJF 1564 --- [main] com.zaxxer.hikari.pool.HikariPool        : HikariPool-1 - Added connection conn0: url=jdbc:h2:mem:2310770c-0b36-4b1e-97b4-780b5b8d4d46 user=SA
2023-08-25T14:11:58.703+05:00  INFO [news,,] DESKTOP-3D9VEJF 1564 --- [main] com.zaxxer.hikari.HikariDataSource       : HikariPool-1 - Start completed.
2023-08-25T14:11:58.715+05:00  INFO [news,,] DESKTOP-3D9VEJF 1564 --- [main] o.s.b.a.h2.H2ConsoleAutoConfiguration    : H2 console available at '/h2-console'. Database available at 'jdbc:h2:mem:2310770c-0b36-4b1e-97b4-780b5b8d4d46'
2023-08-25T14:11:58.740+05:00 DEBUG [news,,] DESKTOP-3D9VEJF 1564 --- [main] o.s.b.w.s.ServletContextInitializerBeans : Mapping filters: springSecurityFilterChain urls=[/*] order=-100, characterEncodingFilter urls=[/*] order=-2147483648, formContentFilter urls=[/*] order=-9900, requestContextFilter urls=[/*] order=-105
2023-08-25T14:11:58.740+05:00 DEBUG [news,,] DESKTOP-3D9VEJF 1564 --- [main] o.s.b.w.s.ServletContextInitializerBeans : Mapping servlets: dispatcherServlet urls=[/], h2Console urls=[/h2-console/*]
2023-08-25T14:11:58.881+05:00  INFO [news,,] DESKTOP-3D9VEJF 1564 --- [main] liquibase.database                       : Set default schema name to PUBLIC
2023-08-25T14:11:59.281+05:00  INFO [news,,] DESKTOP-3D9VEJF 1564 --- [main] liquibase.executor                       : Changelog query completed.
2023-08-25T14:11:59.285+05:00  INFO [news,,] DESKTOP-3D9VEJF 1564 --- [main] liquibase.executor                       : Changelog query completed.
2023-08-25T14:11:59.289+05:00  INFO [news,,] DESKTOP-3D9VEJF 1564 --- [main] liquibase.executor                       : Changelog query completed.
2023-08-25T14:11:59.292+05:00  INFO [news,,] DESKTOP-3D9VEJF 1564 --- [main] liquibase.executor                       : Changelog query completed.
2023-08-25T14:11:59.297+05:00  INFO [news,,] DESKTOP-3D9VEJF 1564 --- [main] liquibase.executor                       : Changelog query completed.
2023-08-25T14:11:59.297+05:00  INFO [news,,] DESKTOP-3D9VEJF 1564 --- [main] liquibase.lockservice                    : Successfully acquired change log lock
2023-08-25T14:11:59.310+05:00  INFO [news,,] DESKTOP-3D9VEJF 1564 --- [main] liquibase.changelog                      : Creating database history table with name: PUBLIC.DATABASECHANGELOG
2023-08-25T14:11:59.314+05:00  INFO [news,,] DESKTOP-3D9VEJF 1564 --- [main] liquibase.executor                       : Changelog query completed.
2023-08-25T14:11:59.315+05:00  INFO [news,,] DESKTOP-3D9VEJF 1564 --- [main] liquibase.changelog                      : Reading from PUBLIC.DATABASECHANGELOG
2023-08-25T14:11:59.317+05:00  INFO [news,,] DESKTOP-3D9VEJF 1564 --- [main] liquibase.executor                       : Changelog query completed.
2023-08-25T14:11:59.318+05:00  INFO [news,,] DESKTOP-3D9VEJF 1564 --- [main] liquibase.executor                       : Changelog query completed.
2023-08-25T14:11:59.369+05:00  INFO [news,,] DESKTOP-3D9VEJF 1564 --- [main] liquibase.changelog                      : Table news created
2023-08-25T14:11:59.371+05:00  INFO [news,,] DESKTOP-3D9VEJF 1564 --- [main] liquibase.changelog                      : Primary key added to news (id)
2023-08-25T14:11:59.373+05:00  INFO [news,,] DESKTOP-3D9VEJF 1564 --- [main] liquibase.changelog                      : Index news_ix_01 created
2023-08-25T14:11:59.374+05:00  INFO [news,,] DESKTOP-3D9VEJF 1564 --- [main] liquibase.changelog                      : ChangeSet db/changelog/db.changelog-schema-0.0.1.yaml::schema-0.0.1::news team ran successfully in 11ms
2023-08-25T14:11:59.377+05:00  INFO [news,,] DESKTOP-3D9VEJF 1564 --- [main] liquibase.executor                       : Changelog query completed.
2023-08-25T14:11:59.378+05:00  INFO [news,,] DESKTOP-3D9VEJF 1564 --- [main] liquibase.executor                       : Changelog query completed.
2023-08-25T14:11:59.381+05:00  INFO [news,,] DESKTOP-3D9VEJF 1564 --- [main] liquibase.changelog                      : New row inserted into news
2023-08-25T14:11:59.383+05:00  INFO [news,,] DESKTOP-3D9VEJF 1564 --- [main] liquibase.changelog                      : New row inserted into news
2023-08-25T14:11:59.383+05:00  INFO [news,,] DESKTOP-3D9VEJF 1564 --- [main] liquibase.changelog                      : ChangeSet db/changelog/db.changelog-data-0.0.1.yaml::data-0.0.1::news team ran successfully in 4ms
2023-08-25T14:11:59.385+05:00  INFO [news,,] DESKTOP-3D9VEJF 1564 --- [main] liquibase.executor                       : Changelog query completed.
2023-08-25T14:11:59.389+05:00  INFO [news,,] DESKTOP-3D9VEJF 1564 --- [main] liquibase.changelog                      : Table users created
2023-08-25T14:11:59.390+05:00  INFO [news,,] DESKTOP-3D9VEJF 1564 --- [main] liquibase.changelog                      : Primary key added to users (id)
2023-08-25T14:11:59.392+05:00  INFO [news,,] DESKTOP-3D9VEJF 1564 --- [main] liquibase.changelog                      : Unique constraint added to users(user_name)
2023-08-25T14:11:59.393+05:00  INFO [news,,] DESKTOP-3D9VEJF 1564 --- [main] liquibase.changelog                      : ChangeSet db/changelog/db.changelog-schema-0.0.2.yaml::schema-0.0.2::news team ran successfully in 6ms
2023-08-25T14:11:59.394+05:00  INFO [news,,] DESKTOP-3D9VEJF 1564 --- [main] liquibase.executor                       : Changelog query completed.
2023-08-25T14:11:59.397+05:00  INFO [news,,] DESKTOP-3D9VEJF 1564 --- [main] liquibase.changelog                      : New row inserted into users
2023-08-25T14:11:59.398+05:00  INFO [news,,] DESKTOP-3D9VEJF 1564 --- [main] liquibase.changelog                      : New row inserted into users
2023-08-25T14:11:59.399+05:00  INFO [news,,] DESKTOP-3D9VEJF 1564 --- [main] liquibase.changelog                      : ChangeSet db/changelog/db.changelog-data-0.0.2.yaml::data-0.0.2::news team ran successfully in 4ms
2023-08-25T14:11:59.401+05:00  INFO [news,,] DESKTOP-3D9VEJF 1564 --- [main] liquibase.executor                       : Changelog query completed.
2023-08-25T14:11:59.401+05:00  INFO [news,,] DESKTOP-3D9VEJF 1564 --- [main] liquibase                                : Update command completed successfully.
2023-08-25T14:11:59.403+05:00  INFO [news,,] DESKTOP-3D9VEJF 1564 --- [main] liquibase.executor                       : Changelog query completed.
2023-08-25T14:11:59.404+05:00  INFO [news,,] DESKTOP-3D9VEJF 1564 --- [main] liquibase.lockservice                    : Successfully released change log lock
2023-08-25T14:11:59.482+05:00  INFO [news,,] DESKTOP-3D9VEJF 1564 --- [main] o.hibernate.jpa.internal.util.LogHelper  : HHH000204: Processing PersistenceUnitInfo [name: default]
2023-08-25T14:11:59.548+05:00  INFO [news,,] DESKTOP-3D9VEJF 1564 --- [main] org.hibernate.Version                    : HHH000412: Hibernate ORM core version 6.2.6.Final
2023-08-25T14:11:59.550+05:00  INFO [news,,] DESKTOP-3D9VEJF 1564 --- [main] org.hibernate.cfg.Environment            : HHH000406: Using bytecode reflection optimizer
2023-08-25T14:11:59.700+05:00  INFO [news,,] DESKTOP-3D9VEJF 1564 --- [main] o.h.b.i.BytecodeProviderInitiator        : HHH000021: Bytecode provider name : bytebuddy
2023-08-25T14:11:59.828+05:00  INFO [news,,] DESKTOP-3D9VEJF 1564 --- [main] o.s.o.j.p.SpringPersistenceUnitInfo      : No LoadTimeWeaver setup: ignoring JPA class transformer
2023-08-25T14:12:00.028+05:00  INFO [news,,] DESKTOP-3D9VEJF 1564 --- [main] o.h.b.i.BytecodeProviderInitiator        : HHH000021: Bytecode provider name : bytebuddy
2023-08-25T14:12:00.579+05:00  INFO [news,,] DESKTOP-3D9VEJF 1564 --- [main] o.h.e.t.j.p.i.JtaPlatformInitiator       : HHH000490: Using JtaPlatform implementation: [org.hibernate.engine.transaction.jta.platform.internal.NoJtaPlatform]
2023-08-25T14:12:00.582+05:00  INFO [news,,] DESKTOP-3D9VEJF 1564 --- [main] j.LocalContainerEntityManagerFactoryBean : Initialized JPA EntityManagerFactory for persistence unit 'default'
2023-08-25T14:12:01.273+05:00 DEBUG [news,,] DESKTOP-3D9VEJF 1564 --- [main] s.w.s.m.m.a.RequestMappingHandlerAdapter : ControllerAdvice beans: 0 @ModelAttribute, 0 @InitBinder, 1 RequestBodyAdvice, 1 ResponseBodyAdvice
2023-08-25T14:12:01.371+05:00 DEBUG [news,,] DESKTOP-3D9VEJF 1564 --- [main] s.w.s.m.m.a.RequestMappingHandlerMapping : 7 mappings in 'requestMappingHandlerMapping'
2023-08-25T14:12:01.390+05:00 DEBUG [news,,] DESKTOP-3D9VEJF 1564 --- [main] o.s.w.s.handler.SimpleUrlHandlerMapping  : Patterns [/webjars/**, /**] in 'resourceHandlerMapping'
2023-08-25T14:12:01.397+05:00 DEBUG [news,,] DESKTOP-3D9VEJF 1564 --- [main] .m.m.a.ExceptionHandlerExceptionResolver : ControllerAdvice beans: 0 @ExceptionHandler, 1 ResponseBodyAdvice
2023-08-25T14:12:01.615+05:00  INFO [news,,] DESKTOP-3D9VEJF 1564 --- [main] o.s.s.web.DefaultSecurityFilterChain     : Will secure any request with [org.springframework.security.web.session.DisableEncodeUrlFilter@6b3284, org.springframework.security.web.context.request.async.WebAsyncManagerIntegrationFilter@500beb9f, org.springframework.security.web.context.SecurityContextHolderFilter@31ecb361, org.springframework.security.web.header.HeaderWriterFilter@36a7586f, org.springframework.security.web.csrf.CsrfFilter@30a99b85, org.springframework.security.web.authentication.logout.LogoutFilter@adbc3bc, org.springframework.security.web.authentication.UsernamePasswordAuthenticationFilter@1ea78c72, org.springframework.security.web.authentication.ui.DefaultLoginPageGeneratingFilter@37f60cd4, org.springframework.security.web.authentication.ui.DefaultLogoutPageGeneratingFilter@67e37d25, org.springframework.security.web.authentication.www.BasicAuthenticationFilter@2c3f81ef, org.springframework.security.web.savedrequest.RequestCacheAwareFilter@51d26fed, org.springframework.security.web.servletapi.SecurityContextHolderAwareRequestFilter@6b23897a, org.springframework.security.web.authentication.AnonymousAuthenticationFilter@78d49939, org.springframework.security.web.access.ExceptionTranslationFilter@22ea09b7, org.springframework.security.web.access.intercept.AuthorizationFilter@73bd146c]
2023-08-25T14:12:01.678+05:00  INFO [news,,] DESKTOP-3D9VEJF 1564 --- [main] o.s.b.w.embedded.tomcat.TomcatWebServer  : Tomcat started on port(s): 8080 (http) with context path ''
2023-08-25T14:12:01.686+05:00  INFO [news,,] DESKTOP-3D9VEJF 1564 --- [main] c.r.database.application.Application     : Started Application in 5.229 seconds (process running for 5.612)
2023-08-25T14:12:13.233+05:00  INFO [news,,] DESKTOP-3D9VEJF 1564 --- [http-nio-8080-exec-2] o.a.c.c.C.[Tomcat].[localhost].[/]       : Initializing Spring DispatcherServlet 'dispatcherServlet'
2023-08-25T14:12:13.233+05:00  INFO [news,,] DESKTOP-3D9VEJF 1564 --- [http-nio-8080-exec-2] o.s.web.servlet.DispatcherServlet        : Initializing Servlet 'dispatcherServlet'
2023-08-25T14:12:13.234+05:00 DEBUG [news,,] DESKTOP-3D9VEJF 1564 --- [http-nio-8080-exec-2] o.s.web.servlet.DispatcherServlet        : Detected StandardServletMultipartResolver
2023-08-25T14:12:13.234+05:00 DEBUG [news,,] DESKTOP-3D9VEJF 1564 --- [http-nio-8080-exec-2] o.s.web.servlet.DispatcherServlet        : Detected AcceptHeaderLocaleResolver
2023-08-25T14:12:13.234+05:00 DEBUG [news,,] DESKTOP-3D9VEJF 1564 --- [http-nio-8080-exec-2] o.s.web.servlet.DispatcherServlet        : Detected FixedThemeResolver
2023-08-25T14:12:13.235+05:00 DEBUG [news,,] DESKTOP-3D9VEJF 1564 --- [http-nio-8080-exec-2] o.s.web.servlet.DispatcherServlet        : Detected org.springframework.web.servlet.view.DefaultRequestToViewNameTranslator@6c75c5e8
2023-08-25T14:12:13.235+05:00 DEBUG [news,,] DESKTOP-3D9VEJF 1564 --- [http-nio-8080-exec-2] o.s.web.servlet.DispatcherServlet        : Detected org.springframework.web.servlet.support.SessionFlashMapManager@d695f9d
2023-08-25T14:12:13.236+05:00 DEBUG [news,,] DESKTOP-3D9VEJF 1564 --- [http-nio-8080-exec-2] o.s.web.servlet.DispatcherServlet        : enableLoggingRequestDetails='false': request parameters and headers will be masked to prevent unsafe logging of potentially sensitive data
2023-08-25T14:12:13.237+05:00  INFO [news,,] DESKTOP-3D9VEJF 1564 --- [http-nio-8080-exec-2] o.s.web.servlet.DispatcherServlet        : Completed initialization in 3 ms
2023-08-25T14:12:15.771+05:00 ERROR [news,,] DESKTOP-3D9VEJF 1564 --- [http-nio-8080-exec-4] w.a.UsernamePasswordAuthenticationFilter : An internal error occurred while trying to authenticate the user.

org.springframework.security.authentication.InternalAuthenticationServiceException: UserDetailsService returned null, which is an interface contract violation
	at org.springframework.security.authentication.dao.DaoAuthenticationProvider.retrieveUser(DaoAuthenticationProvider.java:105) ~[spring-security-core-6.1.2.jar:6.1.2]
	at org.springframework.security.authentication.dao.AbstractUserDetailsAuthenticationProvider.authenticate(AbstractUserDetailsAuthenticationProvider.java:133) ~[spring-security-core-6.1.2.jar:6.1.2]
	at org.springframework.security.authentication.ProviderManager.authenticate(ProviderManager.java:182) ~[spring-security-core-6.1.2.jar:6.1.2]
	at org.springframework.security.authentication.ProviderManager.authenticate(ProviderManager.java:201) ~[spring-security-core-6.1.2.jar:6.1.2]
	at org.springframework.security.web.authentication.UsernamePasswordAuthenticationFilter.attemptAuthentication(UsernamePasswordAuthenticationFilter.java:85) ~[spring-security-web-6.1.2.jar:6.1.2]
	at org.springframework.security.web.authentication.AbstractAuthenticationProcessingFilter.doFilter(AbstractAuthenticationProcessingFilter.java:231) ~[spring-security-web-6.1.2.jar:6.1.2]
	at org.springframework.security.web.authentication.AbstractAuthenticationProcessingFilter.doFilter(AbstractAuthenticationProcessingFilter.java:221) ~[spring-security-web-6.1.2.jar:6.1.2]
	at org.springframework.security.web.FilterChainProxy$VirtualFilterChain.doFilter(FilterChainProxy.java:374) ~[spring-security-web-6.1.2.jar:6.1.2]
	at org.springframework.security.web.authentication.logout.LogoutFilter.doFilter(LogoutFilter.java:107) ~[spring-security-web-6.1.2.jar:6.1.2]
	at org.springframework.security.web.authentication.logout.LogoutFilter.doFilter(LogoutFilter.java:93) ~[spring-security-web-6.1.2.jar:6.1.2]
	at org.springframework.security.web.FilterChainProxy$VirtualFilterChain.doFilter(FilterChainProxy.java:374) ~[spring-security-web-6.1.2.jar:6.1.2]
	at org.springframework.security.web.csrf.CsrfFilter.doFilterInternal(CsrfFilter.java:131) ~[spring-security-web-6.1.2.jar:6.1.2]
	at org.springframework.web.filter.OncePerRequestFilter.doFilter(OncePerRequestFilter.java:116) ~[spring-web-6.0.11.jar:6.0.11]
	at org.springframework.security.web.FilterChainProxy$VirtualFilterChain.doFilter(FilterChainProxy.java:374) ~[spring-security-web-6.1.2.jar:6.1.2]
	at org.springframework.security.web.header.HeaderWriterFilter.doHeadersAfter(HeaderWriterFilter.java:90) ~[spring-security-web-6.1.2.jar:6.1.2]
	at org.springframework.security.web.header.HeaderWriterFilter.doFilterInternal(HeaderWriterFilter.java:75) ~[spring-security-web-6.1.2.jar:6.1.2]
	at org.springframework.web.filter.OncePerRequestFilter.doFilter(OncePerRequestFilter.java:116) ~[spring-web-6.0.11.jar:6.0.11]
	at org.springframework.security.web.FilterChainProxy$VirtualFilterChain.doFilter(FilterChainProxy.java:374) ~[spring-security-web-6.1.2.jar:6.1.2]
	at org.springframework.security.web.context.SecurityContextHolderFilter.doFilter(SecurityContextHolderFilter.java:82) ~[spring-security-web-6.1.2.jar:6.1.2]
	at org.springframework.security.web.context.SecurityContextHolderFilter.doFilter(SecurityContextHolderFilter.java:69) ~[spring-security-web-6.1.2.jar:6.1.2]
	at org.springframework.security.web.FilterChainProxy$VirtualFilterChain.doFilter(FilterChainProxy.java:374) ~[spring-security-web-6.1.2.jar:6.1.2]
	at org.springframework.security.web.context.request.async.WebAsyncManagerIntegrationFilter.doFilterInternal(WebAsyncManagerIntegrationFilter.java:62) ~[spring-security-web-6.1.2.jar:6.1.2]
	at org.springframework.web.filter.OncePerRequestFilter.doFilter(OncePerRequestFilter.java:116) ~[spring-web-6.0.11.jar:6.0.11]
	at org.springframework.security.web.FilterChainProxy$VirtualFilterChain.doFilter(FilterChainProxy.java:374) ~[spring-security-web-6.1.2.jar:6.1.2]
	at org.springframework.security.web.session.DisableEncodeUrlFilter.doFilterInternal(DisableEncodeUrlFilter.java:42) ~[spring-security-web-6.1.2.jar:6.1.2]
	at org.springframework.web.filter.OncePerRequestFilter.doFilter(OncePerRequestFilter.java:116) ~[spring-web-6.0.11.jar:6.0.11]
	at org.springframework.security.web.FilterChainProxy$VirtualFilterChain.doFilter(FilterChainProxy.java:374) ~[spring-security-web-6.1.2.jar:6.1.2]
	at org.springframework.security.web.FilterChainProxy.doFilterInternal(FilterChainProxy.java:233) ~[spring-security-web-6.1.2.jar:6.1.2]
	at org.springframework.security.web.FilterChainProxy.doFilter(FilterChainProxy.java:191) ~[spring-security-web-6.1.2.jar:6.1.2]
	at org.springframework.web.filter.DelegatingFilterProxy.invokeDelegate(DelegatingFilterProxy.java:352) ~[spring-web-6.0.11.jar:6.0.11]
	at org.springframework.web.filter.DelegatingFilterProxy.doFilter(DelegatingFilterProxy.java:268) ~[spring-web-6.0.11.jar:6.0.11]
	at org.apache.catalina.core.ApplicationFilterChain.internalDoFilter(ApplicationFilterChain.java:174) ~[tomcat-embed-core-10.1.11.jar:10.1.11]
	at org.apache.catalina.core.ApplicationFilterChain.doFilter(ApplicationFilterChain.java:149) ~[tomcat-embed-core-10.1.11.jar:10.1.11]
	at org.springframework.web.filter.RequestContextFilter.doFilterInternal(RequestContextFilter.java:100) ~[spring-web-6.0.11.jar:6.0.11]
	at org.springframework.web.filter.OncePerRequestFilter.doFilter(OncePerRequestFilter.java:116) ~[spring-web-6.0.11.jar:6.0.11]
	at org.apache.catalina.core.ApplicationFilterChain.internalDoFilter(ApplicationFilterChain.java:174) ~[tomcat-embed-core-10.1.11.jar:10.1.11]
	at org.apache.catalina.core.ApplicationFilterChain.doFilter(ApplicationFilterChain.java:149) ~[tomcat-embed-core-10.1.11.jar:10.1.11]
	at org.springframework.web.filter.FormContentFilter.doFilterInternal(FormContentFilter.java:93) ~[spring-web-6.0.11.jar:6.0.11]
	at org.springframework.web.filter.OncePerRequestFilter.doFilter(OncePerRequestFilter.java:116) ~[spring-web-6.0.11.jar:6.0.11]
	at org.apache.catalina.core.ApplicationFilterChain.internalDoFilter(ApplicationFilterChain.java:174) ~[tomcat-embed-core-10.1.11.jar:10.1.11]
	at org.apache.catalina.core.ApplicationFilterChain.doFilter(ApplicationFilterChain.java:149) ~[tomcat-embed-core-10.1.11.jar:10.1.11]
	at org.springframework.web.filter.CharacterEncodingFilter.doFilterInternal(CharacterEncodingFilter.java:201) ~[spring-web-6.0.11.jar:6.0.11]
	at org.springframework.web.filter.OncePerRequestFilter.doFilter(OncePerRequestFilter.java:116) ~[spring-web-6.0.11.jar:6.0.11]
	at org.apache.catalina.core.ApplicationFilterChain.internalDoFilter(ApplicationFilterChain.java:174) ~[tomcat-embed-core-10.1.11.jar:10.1.11]
	at org.apache.catalina.core.ApplicationFilterChain.doFilter(ApplicationFilterChain.java:149) ~[tomcat-embed-core-10.1.11.jar:10.1.11]
	at org.apache.catalina.core.StandardWrapperValve.invoke(StandardWrapperValve.java:166) ~[tomcat-embed-core-10.1.11.jar:10.1.11]
	at org.apache.catalina.core.StandardContextValve.invoke(StandardContextValve.java:90) ~[tomcat-embed-core-10.1.11.jar:10.1.11]
	at org.apache.catalina.authenticator.AuthenticatorBase.invoke(AuthenticatorBase.java:482) ~[tomcat-embed-core-10.1.11.jar:10.1.11]
	at org.apache.catalina.core.StandardHostValve.invoke(StandardHostValve.java:115) ~[tomcat-embed-core-10.1.11.jar:10.1.11]
	at org.apache.catalina.valves.ErrorReportValve.invoke(ErrorReportValve.java:93) ~[tomcat-embed-core-10.1.11.jar:10.1.11]
	at org.apache.catalina.core.StandardEngineValve.invoke(StandardEngineValve.java:74) ~[tomcat-embed-core-10.1.11.jar:10.1.11]
	at org.apache.catalina.connector.CoyoteAdapter.service(CoyoteAdapter.java:341) ~[tomcat-embed-core-10.1.11.jar:10.1.11]
	at org.apache.coyote.http11.Http11Processor.service(Http11Processor.java:391) ~[tomcat-embed-core-10.1.11.jar:10.1.11]
	at org.apache.coyote.AbstractProcessorLight.process(AbstractProcessorLight.java:63) ~[tomcat-embed-core-10.1.11.jar:10.1.11]
	at org.apache.coyote.AbstractProtocol$ConnectionHandler.process(AbstractProtocol.java:894) ~[tomcat-embed-core-10.1.11.jar:10.1.11]
	at org.apache.tomcat.util.net.NioEndpoint$SocketProcessor.doRun(NioEndpoint.java:1740) ~[tomcat-embed-core-10.1.11.jar:10.1.11]
	at org.apache.tomcat.util.net.SocketProcessorBase.run(SocketProcessorBase.java:52) ~[tomcat-embed-core-10.1.11.jar:10.1.11]
	at org.apache.tomcat.util.threads.ThreadPoolExecutor.runWorker(ThreadPoolExecutor.java:1191) ~[tomcat-embed-core-10.1.11.jar:10.1.11]
	at org.apache.tomcat.util.threads.ThreadPoolExecutor$Worker.run(ThreadPoolExecutor.java:659) ~[tomcat-embed-core-10.1.11.jar:10.1.11]
	at org.apache.tomcat.util.threads.TaskThread$WrappingRunnable.run(TaskThread.java:61) ~[tomcat-embed-core-10.1.11.jar:10.1.11]
	at java.base/java.lang.Thread.run(Thread.java:1623) ~[na:na]

2023-08-25T14:12:49.747+05:00 ERROR [news,,] DESKTOP-3D9VEJF 1564 --- [http-nio-8080-exec-6] w.a.UsernamePasswordAuthenticationFilter : An internal error occurred while trying to authenticate the user.

org.springframework.security.authentication.InternalAuthenticationServiceException: UserDetailsService returned null, which is an interface contract violation
	at org.springframework.security.authentication.dao.DaoAuthenticationProvider.retrieveUser(DaoAuthenticationProvider.java:105) ~[spring-security-core-6.1.2.jar:6.1.2]
	at org.springframework.security.authentication.dao.AbstractUserDetailsAuthenticationProvider.authenticate(AbstractUserDetailsAuthenticationProvider.java:133) ~[spring-security-core-6.1.2.jar:6.1.2]
	at org.springframework.security.authentication.ProviderManager.authenticate(ProviderManager.java:182) ~[spring-security-core-6.1.2.jar:6.1.2]
	at org.springframework.security.authentication.ProviderManager.authenticate(ProviderManager.java:201) ~[spring-security-core-6.1.2.jar:6.1.2]
	at org.springframework.security.web.authentication.UsernamePasswordAuthenticationFilter.attemptAuthentication(UsernamePasswordAuthenticationFilter.java:85) ~[spring-security-web-6.1.2.jar:6.1.2]
	at org.springframework.security.web.authentication.AbstractAuthenticationProcessingFilter.doFilter(AbstractAuthenticationProcessingFilter.java:231) ~[spring-security-web-6.1.2.jar:6.1.2]
	at org.springframework.security.web.authentication.AbstractAuthenticationProcessingFilter.doFilter(AbstractAuthenticationProcessingFilter.java:221) ~[spring-security-web-6.1.2.jar:6.1.2]
	at org.springframework.security.web.FilterChainProxy$VirtualFilterChain.doFilter(FilterChainProxy.java:374) ~[spring-security-web-6.1.2.jar:6.1.2]
	at org.springframework.security.web.authentication.logout.LogoutFilter.doFilter(LogoutFilter.java:107) ~[spring-security-web-6.1.2.jar:6.1.2]
	at org.springframework.security.web.authentication.logout.LogoutFilter.doFilter(LogoutFilter.java:93) ~[spring-security-web-6.1.2.jar:6.1.2]
	at org.springframework.security.web.FilterChainProxy$VirtualFilterChain.doFilter(FilterChainProxy.java:374) ~[spring-security-web-6.1.2.jar:6.1.2]
	at org.springframework.security.web.csrf.CsrfFilter.doFilterInternal(CsrfFilter.java:131) ~[spring-security-web-6.1.2.jar:6.1.2]
	at org.springframework.web.filter.OncePerRequestFilter.doFilter(OncePerRequestFilter.java:116) ~[spring-web-6.0.11.jar:6.0.11]
	at org.springframework.security.web.FilterChainProxy$VirtualFilterChain.doFilter(FilterChainProxy.java:374) ~[spring-security-web-6.1.2.jar:6.1.2]
	at org.springframework.security.web.header.HeaderWriterFilter.doHeadersAfter(HeaderWriterFilter.java:90) ~[spring-security-web-6.1.2.jar:6.1.2]
	at org.springframework.security.web.header.HeaderWriterFilter.doFilterInternal(HeaderWriterFilter.java:75) ~[spring-security-web-6.1.2.jar:6.1.2]
	at org.springframework.web.filter.OncePerRequestFilter.doFilter(OncePerRequestFilter.java:116) ~[spring-web-6.0.11.jar:6.0.11]
	at org.springframework.security.web.FilterChainProxy$VirtualFilterChain.doFilter(FilterChainProxy.java:374) ~[spring-security-web-6.1.2.jar:6.1.2]
	at org.springframework.security.web.context.SecurityContextHolderFilter.doFilter(SecurityContextHolderFilter.java:82) ~[spring-security-web-6.1.2.jar:6.1.2]
	at org.springframework.security.web.context.SecurityContextHolderFilter.doFilter(SecurityContextHolderFilter.java:69) ~[spring-security-web-6.1.2.jar:6.1.2]
	at org.springframework.security.web.FilterChainProxy$VirtualFilterChain.doFilter(FilterChainProxy.java:374) ~[spring-security-web-6.1.2.jar:6.1.2]
	at org.springframework.security.web.context.request.async.WebAsyncManagerIntegrationFilter.doFilterInternal(WebAsyncManagerIntegrationFilter.java:62) ~[spring-security-web-6.1.2.jar:6.1.2]
	at org.springframework.web.filter.OncePerRequestFilter.doFilter(OncePerRequestFilter.java:116) ~[spring-web-6.0.11.jar:6.0.11]
	at org.springframework.security.web.FilterChainProxy$VirtualFilterChain.doFilter(FilterChainProxy.java:374) ~[spring-security-web-6.1.2.jar:6.1.2]
	at org.springframework.security.web.session.DisableEncodeUrlFilter.doFilterInternal(DisableEncodeUrlFilter.java:42) ~[spring-security-web-6.1.2.jar:6.1.2]
	at org.springframework.web.filter.OncePerRequestFilter.doFilter(OncePerRequestFilter.java:116) ~[spring-web-6.0.11.jar:6.0.11]
	at org.springframework.security.web.FilterChainProxy$VirtualFilterChain.doFilter(FilterChainProxy.java:374) ~[spring-security-web-6.1.2.jar:6.1.2]
	at org.springframework.security.web.FilterChainProxy.doFilterInternal(FilterChainProxy.java:233) ~[spring-security-web-6.1.2.jar:6.1.2]
	at org.springframework.security.web.FilterChainProxy.doFilter(FilterChainProxy.java:191) ~[spring-security-web-6.1.2.jar:6.1.2]
	at org.springframework.web.filter.DelegatingFilterProxy.invokeDelegate(DelegatingFilterProxy.java:352) ~[spring-web-6.0.11.jar:6.0.11]
	at org.springframework.web.filter.DelegatingFilterProxy.doFilter(DelegatingFilterProxy.java:268) ~[spring-web-6.0.11.jar:6.0.11]
	at org.apache.catalina.core.ApplicationFilterChain.internalDoFilter(ApplicationFilterChain.java:174) ~[tomcat-embed-core-10.1.11.jar:10.1.11]
	at org.apache.catalina.core.ApplicationFilterChain.doFilter(ApplicationFilterChain.java:149) ~[tomcat-embed-core-10.1.11.jar:10.1.11]
	at org.springframework.web.filter.RequestContextFilter.doFilterInternal(RequestContextFilter.java:100) ~[spring-web-6.0.11.jar:6.0.11]
	at org.springframework.web.filter.OncePerRequestFilter.doFilter(OncePerRequestFilter.java:116) ~[spring-web-6.0.11.jar:6.0.11]
	at org.apache.catalina.core.ApplicationFilterChain.internalDoFilter(ApplicationFilterChain.java:174) ~[tomcat-embed-core-10.1.11.jar:10.1.11]
	at org.apache.catalina.core.ApplicationFilterChain.doFilter(ApplicationFilterChain.java:149) ~[tomcat-embed-core-10.1.11.jar:10.1.11]
	at org.springframework.web.filter.FormContentFilter.doFilterInternal(FormContentFilter.java:93) ~[spring-web-6.0.11.jar:6.0.11]
	at org.springframework.web.filter.OncePerRequestFilter.doFilter(OncePerRequestFilter.java:116) ~[spring-web-6.0.11.jar:6.0.11]
	at org.apache.catalina.core.ApplicationFilterChain.internalDoFilter(ApplicationFilterChain.java:174) ~[tomcat-embed-core-10.1.11.jar:10.1.11]
	at org.apache.catalina.core.ApplicationFilterChain.doFilter(ApplicationFilterChain.java:149) ~[tomcat-embed-core-10.1.11.jar:10.1.11]
	at org.springframework.web.filter.CharacterEncodingFilter.doFilterInternal(CharacterEncodingFilter.java:201) ~[spring-web-6.0.11.jar:6.0.11]
	at org.springframework.web.filter.OncePerRequestFilter.doFilter(OncePerRequestFilter.java:116) ~[spring-web-6.0.11.jar:6.0.11]
	at org.apache.catalina.core.ApplicationFilterChain.internalDoFilter(ApplicationFilterChain.java:174) ~[tomcat-embed-core-10.1.11.jar:10.1.11]
	at org.apache.catalina.core.ApplicationFilterChain.doFilter(ApplicationFilterChain.java:149) ~[tomcat-embed-core-10.1.11.jar:10.1.11]
	at org.apache.catalina.core.StandardWrapperValve.invoke(StandardWrapperValve.java:166) ~[tomcat-embed-core-10.1.11.jar:10.1.11]
	at org.apache.catalina.core.StandardContextValve.invoke(StandardContextValve.java:90) ~[tomcat-embed-core-10.1.11.jar:10.1.11]
	at org.apache.catalina.authenticator.AuthenticatorBase.invoke(AuthenticatorBase.java:482) ~[tomcat-embed-core-10.1.11.jar:10.1.11]
	at org.apache.catalina.core.StandardHostValve.invoke(StandardHostValve.java:115) ~[tomcat-embed-core-10.1.11.jar:10.1.11]
	at org.apache.catalina.valves.ErrorReportValve.invoke(ErrorReportValve.java:93) ~[tomcat-embed-core-10.1.11.jar:10.1.11]
	at org.apache.catalina.core.StandardEngineValve.invoke(StandardEngineValve.java:74) ~[tomcat-embed-core-10.1.11.jar:10.1.11]
	at org.apache.catalina.connector.CoyoteAdapter.service(CoyoteAdapter.java:341) ~[tomcat-embed-core-10.1.11.jar:10.1.11]
	at org.apache.coyote.http11.Http11Processor.service(Http11Processor.java:391) ~[tomcat-embed-core-10.1.11.jar:10.1.11]
	at org.apache.coyote.AbstractProcessorLight.process(AbstractProcessorLight.java:63) ~[tomcat-embed-core-10.1.11.jar:10.1.11]
	at org.apache.coyote.AbstractProtocol$ConnectionHandler.process(AbstractProtocol.java:894) ~[tomcat-embed-core-10.1.11.jar:10.1.11]
	at org.apache.tomcat.util.net.NioEndpoint$SocketProcessor.doRun(NioEndpoint.java:1740) ~[tomcat-embed-core-10.1.11.jar:10.1.11]
	at org.apache.tomcat.util.net.SocketProcessorBase.run(SocketProcessorBase.java:52) ~[tomcat-embed-core-10.1.11.jar:10.1.11]
	at org.apache.tomcat.util.threads.ThreadPoolExecutor.runWorker(ThreadPoolExecutor.java:1191) ~[tomcat-embed-core-10.1.11.jar:10.1.11]
	at org.apache.tomcat.util.threads.ThreadPoolExecutor$Worker.run(ThreadPoolExecutor.java:659) ~[tomcat-embed-core-10.1.11.jar:10.1.11]
	at org.apache.tomcat.util.threads.TaskThread$WrappingRunnable.run(TaskThread.java:61) ~[tomcat-embed-core-10.1.11.jar:10.1.11]
	at java.base/java.lang.Thread.run(Thread.java:1623) ~[na:na]

2023-08-25T14:12:54.701+05:00 ERROR [news,,] DESKTOP-3D9VEJF 1564 --- [http-nio-8080-exec-8] w.a.UsernamePasswordAuthenticationFilter : An internal error occurred while trying to authenticate the user.

org.springframework.security.authentication.InternalAuthenticationServiceException: UserDetailsService returned null, which is an interface contract violation
	at org.springframework.security.authentication.dao.DaoAuthenticationProvider.retrieveUser(DaoAuthenticationProvider.java:105) ~[spring-security-core-6.1.2.jar:6.1.2]
	at org.springframework.security.authentication.dao.AbstractUserDetailsAuthenticationProvider.authenticate(AbstractUserDetailsAuthenticationProvider.java:133) ~[spring-security-core-6.1.2.jar:6.1.2]
	at org.springframework.security.authentication.ProviderManager.authenticate(ProviderManager.java:182) ~[spring-security-core-6.1.2.jar:6.1.2]
	at org.springframework.security.authentication.ProviderManager.authenticate(ProviderManager.java:201) ~[spring-security-core-6.1.2.jar:6.1.2]
	at org.springframework.security.web.authentication.UsernamePasswordAuthenticationFilter.attemptAuthentication(UsernamePasswordAuthenticationFilter.java:85) ~[spring-security-web-6.1.2.jar:6.1.2]
	at org.springframework.security.web.authentication.AbstractAuthenticationProcessingFilter.doFilter(AbstractAuthenticationProcessingFilter.java:231) ~[spring-security-web-6.1.2.jar:6.1.2]
	at org.springframework.security.web.authentication.AbstractAuthenticationProcessingFilter.doFilter(AbstractAuthenticationProcessingFilter.java:221) ~[spring-security-web-6.1.2.jar:6.1.2]
	at org.springframework.security.web.FilterChainProxy$VirtualFilterChain.doFilter(FilterChainProxy.java:374) ~[spring-security-web-6.1.2.jar:6.1.2]
	at org.springframework.security.web.authentication.logout.LogoutFilter.doFilter(LogoutFilter.java:107) ~[spring-security-web-6.1.2.jar:6.1.2]
	at org.springframework.security.web.authentication.logout.LogoutFilter.doFilter(LogoutFilter.java:93) ~[spring-security-web-6.1.2.jar:6.1.2]
	at org.springframework.security.web.FilterChainProxy$VirtualFilterChain.doFilter(FilterChainProxy.java:374) ~[spring-security-web-6.1.2.jar:6.1.2]
	at org.springframework.security.web.csrf.CsrfFilter.doFilterInternal(CsrfFilter.java:131) ~[spring-security-web-6.1.2.jar:6.1.2]
	at org.springframework.web.filter.OncePerRequestFilter.doFilter(OncePerRequestFilter.java:116) ~[spring-web-6.0.11.jar:6.0.11]
	at org.springframework.security.web.FilterChainProxy$VirtualFilterChain.doFilter(FilterChainProxy.java:374) ~[spring-security-web-6.1.2.jar:6.1.2]
	at org.springframework.security.web.header.HeaderWriterFilter.doHeadersAfter(HeaderWriterFilter.java:90) ~[spring-security-web-6.1.2.jar:6.1.2]
	at org.springframework.security.web.header.HeaderWriterFilter.doFilterInternal(HeaderWriterFilter.java:75) ~[spring-security-web-6.1.2.jar:6.1.2]
	at org.springframework.web.filter.OncePerRequestFilter.doFilter(OncePerRequestFilter.java:116) ~[spring-web-6.0.11.jar:6.0.11]
	at org.springframework.security.web.FilterChainProxy$VirtualFilterChain.doFilter(FilterChainProxy.java:374) ~[spring-security-web-6.1.2.jar:6.1.2]
	at org.springframework.security.web.context.SecurityContextHolderFilter.doFilter(SecurityContextHolderFilter.java:82) ~[spring-security-web-6.1.2.jar:6.1.2]
	at org.springframework.security.web.context.SecurityContextHolderFilter.doFilter(SecurityContextHolderFilter.java:69) ~[spring-security-web-6.1.2.jar:6.1.2]
	at org.springframework.security.web.FilterChainProxy$VirtualFilterChain.doFilter(FilterChainProxy.java:374) ~[spring-security-web-6.1.2.jar:6.1.2]
	at org.springframework.security.web.context.request.async.WebAsyncManagerIntegrationFilter.doFilterInternal(WebAsyncManagerIntegrationFilter.java:62) ~[spring-security-web-6.1.2.jar:6.1.2]
	at org.springframework.web.filter.OncePerRequestFilter.doFilter(OncePerRequestFilter.java:116) ~[spring-web-6.0.11.jar:6.0.11]
	at org.springframework.security.web.FilterChainProxy$VirtualFilterChain.doFilter(FilterChainProxy.java:374) ~[spring-security-web-6.1.2.jar:6.1.2]
	at org.springframework.security.web.session.DisableEncodeUrlFilter.doFilterInternal(DisableEncodeUrlFilter.java:42) ~[spring-security-web-6.1.2.jar:6.1.2]
	at org.springframework.web.filter.OncePerRequestFilter.doFilter(OncePerRequestFilter.java:116) ~[spring-web-6.0.11.jar:6.0.11]
	at org.springframework.security.web.FilterChainProxy$VirtualFilterChain.doFilter(FilterChainProxy.java:374) ~[spring-security-web-6.1.2.jar:6.1.2]
	at org.springframework.security.web.FilterChainProxy.doFilterInternal(FilterChainProxy.java:233) ~[spring-security-web-6.1.2.jar:6.1.2]
	at org.springframework.security.web.FilterChainProxy.doFilter(FilterChainProxy.java:191) ~[spring-security-web-6.1.2.jar:6.1.2]
	at org.springframework.web.filter.DelegatingFilterProxy.invokeDelegate(DelegatingFilterProxy.java:352) ~[spring-web-6.0.11.jar:6.0.11]
	at org.springframework.web.filter.DelegatingFilterProxy.doFilter(DelegatingFilterProxy.java:268) ~[spring-web-6.0.11.jar:6.0.11]
	at org.apache.catalina.core.ApplicationFilterChain.internalDoFilter(ApplicationFilterChain.java:174) ~[tomcat-embed-core-10.1.11.jar:10.1.11]
	at org.apache.catalina.core.ApplicationFilterChain.doFilter(ApplicationFilterChain.java:149) ~[tomcat-embed-core-10.1.11.jar:10.1.11]
	at org.springframework.web.filter.RequestContextFilter.doFilterInternal(RequestContextFilter.java:100) ~[spring-web-6.0.11.jar:6.0.11]
	at org.springframework.web.filter.OncePerRequestFilter.doFilter(OncePerRequestFilter.java:116) ~[spring-web-6.0.11.jar:6.0.11]
	at org.apache.catalina.core.ApplicationFilterChain.internalDoFilter(ApplicationFilterChain.java:174) ~[tomcat-embed-core-10.1.11.jar:10.1.11]
	at org.apache.catalina.core.ApplicationFilterChain.doFilter(ApplicationFilterChain.java:149) ~[tomcat-embed-core-10.1.11.jar:10.1.11]
	at org.springframework.web.filter.FormContentFilter.doFilterInternal(FormContentFilter.java:93) ~[spring-web-6.0.11.jar:6.0.11]
	at org.springframework.web.filter.OncePerRequestFilter.doFilter(OncePerRequestFilter.java:116) ~[spring-web-6.0.11.jar:6.0.11]
	at org.apache.catalina.core.ApplicationFilterChain.internalDoFilter(ApplicationFilterChain.java:174) ~[tomcat-embed-core-10.1.11.jar:10.1.11]
	at org.apache.catalina.core.ApplicationFilterChain.doFilter(ApplicationFilterChain.java:149) ~[tomcat-embed-core-10.1.11.jar:10.1.11]
	at org.springframework.web.filter.CharacterEncodingFilter.doFilterInternal(CharacterEncodingFilter.java:201) ~[spring-web-6.0.11.jar:6.0.11]
	at org.springframework.web.filter.OncePerRequestFilter.doFilter(OncePerRequestFilter.java:116) ~[spring-web-6.0.11.jar:6.0.11]
	at org.apache.catalina.core.ApplicationFilterChain.internalDoFilter(ApplicationFilterChain.java:174) ~[tomcat-embed-core-10.1.11.jar:10.1.11]
	at org.apache.catalina.core.ApplicationFilterChain.doFilter(ApplicationFilterChain.java:149) ~[tomcat-embed-core-10.1.11.jar:10.1.11]
	at org.apache.catalina.core.StandardWrapperValve.invoke(StandardWrapperValve.java:166) ~[tomcat-embed-core-10.1.11.jar:10.1.11]
	at org.apache.catalina.core.StandardContextValve.invoke(StandardContextValve.java:90) ~[tomcat-embed-core-10.1.11.jar:10.1.11]
	at org.apache.catalina.authenticator.AuthenticatorBase.invoke(AuthenticatorBase.java:482) ~[tomcat-embed-core-10.1.11.jar:10.1.11]
	at org.apache.catalina.core.StandardHostValve.invoke(StandardHostValve.java:115) ~[tomcat-embed-core-10.1.11.jar:10.1.11]
	at org.apache.catalina.valves.ErrorReportValve.invoke(ErrorReportValve.java:93) ~[tomcat-embed-core-10.1.11.jar:10.1.11]
	at org.apache.catalina.core.StandardEngineValve.invoke(StandardEngineValve.java:74) ~[tomcat-embed-core-10.1.11.jar:10.1.11]
	at org.apache.catalina.connector.CoyoteAdapter.service(CoyoteAdapter.java:341) ~[tomcat-embed-core-10.1.11.jar:10.1.11]
	at org.apache.coyote.http11.Http11Processor.service(Http11Processor.java:391) ~[tomcat-embed-core-10.1.11.jar:10.1.11]
	at org.apache.coyote.AbstractProcessorLight.process(AbstractProcessorLight.java:63) ~[tomcat-embed-core-10.1.11.jar:10.1.11]
	at org.apache.coyote.AbstractProtocol$ConnectionHandler.process(AbstractProtocol.java:894) ~[tomcat-embed-core-10.1.11.jar:10.1.11]
	at org.apache.tomcat.util.net.NioEndpoint$SocketProcessor.doRun(NioEndpoint.java:1740) ~[tomcat-embed-core-10.1.11.jar:10.1.11]
	at org.apache.tomcat.util.net.SocketProcessorBase.run(SocketProcessorBase.java:52) ~[tomcat-embed-core-10.1.11.jar:10.1.11]
	at org.apache.tomcat.util.threads.ThreadPoolExecutor.runWorker(ThreadPoolExecutor.java:1191) ~[tomcat-embed-core-10.1.11.jar:10.1.11]
	at org.apache.tomcat.util.threads.ThreadPoolExecutor$Worker.run(ThreadPoolExecutor.java:659) ~[tomcat-embed-core-10.1.11.jar:10.1.11]
	at org.apache.tomcat.util.threads.TaskThread$WrappingRunnable.run(TaskThread.java:61) ~[tomcat-embed-core-10.1.11.jar:10.1.11]
	at java.base/java.lang.Thread.run(Thread.java:1623) ~[na:na]

2023-08-25T14:13:06.492+05:00 ERROR [news,,] DESKTOP-3D9VEJF 1564 --- [http-nio-8080-exec-6] w.a.UsernamePasswordAuthenticationFilter : An internal error occurred while trying to authenticate the user.

org.springframework.security.authentication.InternalAuthenticationServiceException: UserDetailsService returned null, which is an interface contract violation
	at org.springframework.security.authentication.dao.DaoAuthenticationProvider.retrieveUser(DaoAuthenticationProvider.java:105) ~[spring-security-core-6.1.2.jar:6.1.2]
	at org.springframework.security.authentication.dao.AbstractUserDetailsAuthenticationProvider.authenticate(AbstractUserDetailsAuthenticationProvider.java:133) ~[spring-security-core-6.1.2.jar:6.1.2]
	at org.springframework.security.authentication.ProviderManager.authenticate(ProviderManager.java:182) ~[spring-security-core-6.1.2.jar:6.1.2]
	at org.springframework.security.authentication.ProviderManager.authenticate(ProviderManager.java:201) ~[spring-security-core-6.1.2.jar:6.1.2]
	at org.springframework.security.web.authentication.UsernamePasswordAuthenticationFilter.attemptAuthentication(UsernamePasswordAuthenticationFilter.java:85) ~[spring-security-web-6.1.2.jar:6.1.2]
	at org.springframework.security.web.authentication.AbstractAuthenticationProcessingFilter.doFilter(AbstractAuthenticationProcessingFilter.java:231) ~[spring-security-web-6.1.2.jar:6.1.2]
	at org.springframework.security.web.authentication.AbstractAuthenticationProcessingFilter.doFilter(AbstractAuthenticationProcessingFilter.java:221) ~[spring-security-web-6.1.2.jar:6.1.2]
	at org.springframework.security.web.FilterChainProxy$VirtualFilterChain.doFilter(FilterChainProxy.java:374) ~[spring-security-web-6.1.2.jar:6.1.2]
	at org.springframework.security.web.authentication.logout.LogoutFilter.doFilter(LogoutFilter.java:107) ~[spring-security-web-6.1.2.jar:6.1.2]
	at org.springframework.security.web.authentication.logout.LogoutFilter.doFilter(LogoutFilter.java:93) ~[spring-security-web-6.1.2.jar:6.1.2]
	at org.springframework.security.web.FilterChainProxy$VirtualFilterChain.doFilter(FilterChainProxy.java:374) ~[spring-security-web-6.1.2.jar:6.1.2]
	at org.springframework.security.web.csrf.CsrfFilter.doFilterInternal(CsrfFilter.java:131) ~[spring-security-web-6.1.2.jar:6.1.2]
	at org.springframework.web.filter.OncePerRequestFilter.doFilter(OncePerRequestFilter.java:116) ~[spring-web-6.0.11.jar:6.0.11]
	at org.springframework.security.web.FilterChainProxy$VirtualFilterChain.doFilter(FilterChainProxy.java:374) ~[spring-security-web-6.1.2.jar:6.1.2]
	at org.springframework.security.web.header.HeaderWriterFilter.doHeadersAfter(HeaderWriterFilter.java:90) ~[spring-security-web-6.1.2.jar:6.1.2]
	at org.springframework.security.web.header.HeaderWriterFilter.doFilterInternal(HeaderWriterFilter.java:75) ~[spring-security-web-6.1.2.jar:6.1.2]
	at org.springframework.web.filter.OncePerRequestFilter.doFilter(OncePerRequestFilter.java:116) ~[spring-web-6.0.11.jar:6.0.11]
	at org.springframework.security.web.FilterChainProxy$VirtualFilterChain.doFilter(FilterChainProxy.java:374) ~[spring-security-web-6.1.2.jar:6.1.2]
	at org.springframework.security.web.context.SecurityContextHolderFilter.doFilter(SecurityContextHolderFilter.java:82) ~[spring-security-web-6.1.2.jar:6.1.2]
	at org.springframework.security.web.context.SecurityContextHolderFilter.doFilter(SecurityContextHolderFilter.java:69) ~[spring-security-web-6.1.2.jar:6.1.2]
	at org.springframework.security.web.FilterChainProxy$VirtualFilterChain.doFilter(FilterChainProxy.java:374) ~[spring-security-web-6.1.2.jar:6.1.2]
	at org.springframework.security.web.context.request.async.WebAsyncManagerIntegrationFilter.doFilterInternal(WebAsyncManagerIntegrationFilter.java:62) ~[spring-security-web-6.1.2.jar:6.1.2]
	at org.springframework.web.filter.OncePerRequestFilter.doFilter(OncePerRequestFilter.java:116) ~[spring-web-6.0.11.jar:6.0.11]
	at org.springframework.security.web.FilterChainProxy$VirtualFilterChain.doFilter(FilterChainProxy.java:374) ~[spring-security-web-6.1.2.jar:6.1.2]
	at org.springframework.security.web.session.DisableEncodeUrlFilter.doFilterInternal(DisableEncodeUrlFilter.java:42) ~[spring-security-web-6.1.2.jar:6.1.2]
	at org.springframework.web.filter.OncePerRequestFilter.doFilter(OncePerRequestFilter.java:116) ~[spring-web-6.0.11.jar:6.0.11]
	at org.springframework.security.web.FilterChainProxy$VirtualFilterChain.doFilter(FilterChainProxy.java:374) ~[spring-security-web-6.1.2.jar:6.1.2]
	at org.springframework.security.web.FilterChainProxy.doFilterInternal(FilterChainProxy.java:233) ~[spring-security-web-6.1.2.jar:6.1.2]
	at org.springframework.security.web.FilterChainProxy.doFilter(FilterChainProxy.java:191) ~[spring-security-web-6.1.2.jar:6.1.2]
	at org.springframework.web.filter.DelegatingFilterProxy.invokeDelegate(DelegatingFilterProxy.java:352) ~[spring-web-6.0.11.jar:6.0.11]
	at org.springframework.web.filter.DelegatingFilterProxy.doFilter(DelegatingFilterProxy.java:268) ~[spring-web-6.0.11.jar:6.0.11]
	at org.apache.catalina.core.ApplicationFilterChain.internalDoFilter(ApplicationFilterChain.java:174) ~[tomcat-embed-core-10.1.11.jar:10.1.11]
	at org.apache.catalina.core.ApplicationFilterChain.doFilter(ApplicationFilterChain.java:149) ~[tomcat-embed-core-10.1.11.jar:10.1.11]
	at org.springframework.web.filter.RequestContextFilter.doFilterInternal(RequestContextFilter.java:100) ~[spring-web-6.0.11.jar:6.0.11]
	at org.springframework.web.filter.OncePerRequestFilter.doFilter(OncePerRequestFilter.java:116) ~[spring-web-6.0.11.jar:6.0.11]
	at org.apache.catalina.core.ApplicationFilterChain.internalDoFilter(ApplicationFilterChain.java:174) ~[tomcat-embed-core-10.1.11.jar:10.1.11]
	at org.apache.catalina.core.ApplicationFilterChain.doFilter(ApplicationFilterChain.java:149) ~[tomcat-embed-core-10.1.11.jar:10.1.11]
	at org.springframework.web.filter.FormContentFilter.doFilterInternal(FormContentFilter.java:93) ~[spring-web-6.0.11.jar:6.0.11]
	at org.springframework.web.filter.OncePerRequestFilter.doFilter(OncePerRequestFilter.java:116) ~[spring-web-6.0.11.jar:6.0.11]
	at org.apache.catalina.core.ApplicationFilterChain.internalDoFilter(ApplicationFilterChain.java:174) ~[tomcat-embed-core-10.1.11.jar:10.1.11]
	at org.apache.catalina.core.ApplicationFilterChain.doFilter(ApplicationFilterChain.java:149) ~[tomcat-embed-core-10.1.11.jar:10.1.11]
	at org.springframework.web.filter.CharacterEncodingFilter.doFilterInternal(CharacterEncodingFilter.java:201) ~[spring-web-6.0.11.jar:6.0.11]
	at org.springframework.web.filter.OncePerRequestFilter.doFilter(OncePerRequestFilter.java:116) ~[spring-web-6.0.11.jar:6.0.11]
	at org.apache.catalina.core.ApplicationFilterChain.internalDoFilter(ApplicationFilterChain.java:174) ~[tomcat-embed-core-10.1.11.jar:10.1.11]
	at org.apache.catalina.core.ApplicationFilterChain.doFilter(ApplicationFilterChain.java:149) ~[tomcat-embed-core-10.1.11.jar:10.1.11]
	at org.apache.catalina.core.StandardWrapperValve.invoke(StandardWrapperValve.java:166) ~[tomcat-embed-core-10.1.11.jar:10.1.11]
	at org.apache.catalina.core.StandardContextValve.invoke(StandardContextValve.java:90) ~[tomcat-embed-core-10.1.11.jar:10.1.11]
	at org.apache.catalina.authenticator.AuthenticatorBase.invoke(AuthenticatorBase.java:482) ~[tomcat-embed-core-10.1.11.jar:10.1.11]
	at org.apache.catalina.core.StandardHostValve.invoke(StandardHostValve.java:115) ~[tomcat-embed-core-10.1.11.jar:10.1.11]
	at org.apache.catalina.valves.ErrorReportValve.invoke(ErrorReportValve.java:93) ~[tomcat-embed-core-10.1.11.jar:10.1.11]
	at org.apache.catalina.core.StandardEngineValve.invoke(StandardEngineValve.java:74) ~[tomcat-embed-core-10.1.11.jar:10.1.11]
	at org.apache.catalina.connector.CoyoteAdapter.service(CoyoteAdapter.java:341) ~[tomcat-embed-core-10.1.11.jar:10.1.11]
	at org.apache.coyote.http11.Http11Processor.service(Http11Processor.java:391) ~[tomcat-embed-core-10.1.11.jar:10.1.11]
	at org.apache.coyote.AbstractProcessorLight.process(AbstractProcessorLight.java:63) ~[tomcat-embed-core-10.1.11.jar:10.1.11]
	at org.apache.coyote.AbstractProtocol$ConnectionHandler.process(AbstractProtocol.java:894) ~[tomcat-embed-core-10.1.11.jar:10.1.11]
	at org.apache.tomcat.util.net.NioEndpoint$SocketProcessor.doRun(NioEndpoint.java:1740) ~[tomcat-embed-core-10.1.11.jar:10.1.11]
	at org.apache.tomcat.util.net.SocketProcessorBase.run(SocketProcessorBase.java:52) ~[tomcat-embed-core-10.1.11.jar:10.1.11]
	at org.apache.tomcat.util.threads.ThreadPoolExecutor.runWorker(ThreadPoolExecutor.java:1191) ~[tomcat-embed-core-10.1.11.jar:10.1.11]
	at org.apache.tomcat.util.threads.ThreadPoolExecutor$Worker.run(ThreadPoolExecutor.java:659) ~[tomcat-embed-core-10.1.11.jar:10.1.11]
	at org.apache.tomcat.util.threads.TaskThread$WrappingRunnable.run(TaskThread.java:61) ~[tomcat-embed-core-10.1.11.jar:10.1.11]
	at java.base/java.lang.Thread.run(Thread.java:1623) ~[na:na]

2023-08-25T14:27:37.077+05:00  INFO [news,,] DESKTOP-3D9VEJF 1564 --- [SpringApplicationShutdownHook] j.LocalContainerEntityManagerFactoryBean : Closing JPA EntityManagerFactory for persistence unit 'default'
2023-08-25T14:27:37.078+05:00  INFO [news,,] DESKTOP-3D9VEJF 1564 --- [SpringApplicationShutdownHook] com.zaxxer.hikari.HikariDataSource       : HikariPool-1 - Shutdown initiated...
2023-08-25T14:27:37.080+05:00  INFO [news,,] DESKTOP-3D9VEJF 1564 --- [SpringApplicationShutdownHook] com.zaxxer.hikari.HikariDataSource       : HikariPool-1 - Shutdown completed.
2023-08-25T14:27:43.944+05:00  INFO [news,,] DESKTOP-3D9VEJF 15124 --- [main] c.r.database.application.Application     : Starting Application using Java 20.0.2 with PID 15124 (C:\Users\muttahir.islam\Downloads\application\application\target\classes started by muttahir.islam in C:\Users\muttahir.islam\Downloads\application)
2023-08-25T14:27:43.946+05:00  INFO [news,,] DESKTOP-3D9VEJF 15124 --- [main] c.r.database.application.Application     : No active profile set, falling back to 1 default profile: "default"
2023-08-25T14:27:44.621+05:00  INFO [news,,] DESKTOP-3D9VEJF 15124 --- [main] .s.d.r.c.RepositoryConfigurationDelegate : Bootstrapping Spring Data JPA repositories in DEFAULT mode.
2023-08-25T14:27:44.683+05:00  INFO [news,,] DESKTOP-3D9VEJF 15124 --- [main] .s.d.r.c.RepositoryConfigurationDelegate : Finished Spring Data repository scanning in 53 ms. Found 2 JPA repository interfaces.
2023-08-25T14:27:45.321+05:00  INFO [news,,] DESKTOP-3D9VEJF 15124 --- [main] o.s.b.w.embedded.tomcat.TomcatWebServer  : Tomcat initialized with port(s): 8080 (http)
2023-08-25T14:27:45.330+05:00  INFO [news,,] DESKTOP-3D9VEJF 15124 --- [main] o.apache.catalina.core.StandardService   : Starting service [Tomcat]
2023-08-25T14:27:45.331+05:00  INFO [news,,] DESKTOP-3D9VEJF 15124 --- [main] o.apache.catalina.core.StandardEngine    : Starting Servlet engine: [Apache Tomcat/10.1.11]
2023-08-25T14:27:45.429+05:00  INFO [news,,] DESKTOP-3D9VEJF 15124 --- [main] o.a.c.c.C.[Tomcat].[localhost].[/]       : Initializing Spring embedded WebApplicationContext
2023-08-25T14:27:45.430+05:00  INFO [news,,] DESKTOP-3D9VEJF 15124 --- [main] w.s.c.ServletWebServerApplicationContext : Root WebApplicationContext: initialization completed in 1432 ms
2023-08-25T14:27:45.459+05:00  INFO [news,,] DESKTOP-3D9VEJF 15124 --- [main] com.zaxxer.hikari.HikariDataSource       : HikariPool-1 - Starting...
2023-08-25T14:27:45.642+05:00  INFO [news,,] DESKTOP-3D9VEJF 15124 --- [main] com.zaxxer.hikari.pool.HikariPool        : HikariPool-1 - Added connection conn0: url=jdbc:h2:mem:842f8232-dd95-4682-b4a0-d6f43a0b17d8 user=SA
2023-08-25T14:27:45.644+05:00  INFO [news,,] DESKTOP-3D9VEJF 15124 --- [main] com.zaxxer.hikari.HikariDataSource       : HikariPool-1 - Start completed.
2023-08-25T14:27:45.655+05:00  INFO [news,,] DESKTOP-3D9VEJF 15124 --- [main] o.s.b.a.h2.H2ConsoleAutoConfiguration    : H2 console available at '/h2-console'. Database available at 'jdbc:h2:mem:842f8232-dd95-4682-b4a0-d6f43a0b17d8'
2023-08-25T14:27:45.680+05:00 DEBUG [news,,] DESKTOP-3D9VEJF 15124 --- [main] o.s.b.w.s.ServletContextInitializerBeans : Mapping filters: springSecurityFilterChain urls=[/*] order=-100, characterEncodingFilter urls=[/*] order=-2147483648, formContentFilter urls=[/*] order=-9900, requestContextFilter urls=[/*] order=-105
2023-08-25T14:27:45.681+05:00 DEBUG [news,,] DESKTOP-3D9VEJF 15124 --- [main] o.s.b.w.s.ServletContextInitializerBeans : Mapping servlets: dispatcherServlet urls=[/], h2Console urls=[/h2-console/*]
2023-08-25T14:27:45.823+05:00  INFO [news,,] DESKTOP-3D9VEJF 15124 --- [main] liquibase.database                       : Set default schema name to PUBLIC
2023-08-25T14:27:46.281+05:00  INFO [news,,] DESKTOP-3D9VEJF 15124 --- [main] liquibase.executor                       : Changelog query completed.
2023-08-25T14:27:46.284+05:00  INFO [news,,] DESKTOP-3D9VEJF 15124 --- [main] liquibase.executor                       : Changelog query completed.
2023-08-25T14:27:46.287+05:00  INFO [news,,] DESKTOP-3D9VEJF 15124 --- [main] liquibase.executor                       : Changelog query completed.
2023-08-25T14:27:46.290+05:00  INFO [news,,] DESKTOP-3D9VEJF 15124 --- [main] liquibase.executor                       : Changelog query completed.
2023-08-25T14:27:46.296+05:00  INFO [news,,] DESKTOP-3D9VEJF 15124 --- [main] liquibase.executor                       : Changelog query completed.
2023-08-25T14:27:46.296+05:00  INFO [news,,] DESKTOP-3D9VEJF 15124 --- [main] liquibase.lockservice                    : Successfully acquired change log lock
2023-08-25T14:27:46.310+05:00  INFO [news,,] DESKTOP-3D9VEJF 15124 --- [main] liquibase.changelog                      : Creating database history table with name: PUBLIC.DATABASECHANGELOG
2023-08-25T14:27:46.314+05:00  INFO [news,,] DESKTOP-3D9VEJF 15124 --- [main] liquibase.executor                       : Changelog query completed.
2023-08-25T14:27:46.314+05:00  INFO [news,,] DESKTOP-3D9VEJF 15124 --- [main] liquibase.changelog                      : Reading from PUBLIC.DATABASECHANGELOG
2023-08-25T14:27:46.317+05:00  INFO [news,,] DESKTOP-3D9VEJF 15124 --- [main] liquibase.executor                       : Changelog query completed.
2023-08-25T14:27:46.318+05:00  INFO [news,,] DESKTOP-3D9VEJF 15124 --- [main] liquibase.executor                       : Changelog query completed.
2023-08-25T14:27:46.366+05:00  INFO [news,,] DESKTOP-3D9VEJF 15124 --- [main] liquibase.changelog                      : Table news created
2023-08-25T14:27:46.368+05:00  INFO [news,,] DESKTOP-3D9VEJF 15124 --- [main] liquibase.changelog                      : Primary key added to news (id)
2023-08-25T14:27:46.370+05:00  INFO [news,,] DESKTOP-3D9VEJF 15124 --- [main] liquibase.changelog                      : Index news_ix_01 created
2023-08-25T14:27:46.371+05:00  INFO [news,,] DESKTOP-3D9VEJF 15124 --- [main] liquibase.changelog                      : ChangeSet db/changelog/db.changelog-schema-0.0.1.yaml::schema-0.0.1::news team ran successfully in 7ms
2023-08-25T14:27:46.374+05:00  INFO [news,,] DESKTOP-3D9VEJF 15124 --- [main] liquibase.executor                       : Changelog query completed.
2023-08-25T14:27:46.375+05:00  INFO [news,,] DESKTOP-3D9VEJF 15124 --- [main] liquibase.executor                       : Changelog query completed.
2023-08-25T14:27:46.378+05:00  INFO [news,,] DESKTOP-3D9VEJF 15124 --- [main] liquibase.changelog                      : New row inserted into news
2023-08-25T14:27:46.379+05:00  INFO [news,,] DESKTOP-3D9VEJF 15124 --- [main] liquibase.changelog                      : New row inserted into news
2023-08-25T14:27:46.380+05:00  INFO [news,,] DESKTOP-3D9VEJF 15124 --- [main] liquibase.changelog                      : ChangeSet db/changelog/db.changelog-data-0.0.1.yaml::data-0.0.1::news team ran successfully in 4ms
2023-08-25T14:27:46.382+05:00  INFO [news,,] DESKTOP-3D9VEJF 15124 --- [main] liquibase.executor                       : Changelog query completed.
2023-08-25T14:27:46.385+05:00  INFO [news,,] DESKTOP-3D9VEJF 15124 --- [main] liquibase.changelog                      : Table users created
2023-08-25T14:27:46.386+05:00  INFO [news,,] DESKTOP-3D9VEJF 15124 --- [main] liquibase.changelog                      : Primary key added to users (id)
2023-08-25T14:27:46.388+05:00  INFO [news,,] DESKTOP-3D9VEJF 15124 --- [main] liquibase.changelog                      : Unique constraint added to users(user_name)
2023-08-25T14:27:46.389+05:00  INFO [news,,] DESKTOP-3D9VEJF 15124 --- [main] liquibase.changelog                      : ChangeSet db/changelog/db.changelog-schema-0.0.2.yaml::schema-0.0.2::news team ran successfully in 6ms
2023-08-25T14:27:46.390+05:00  INFO [news,,] DESKTOP-3D9VEJF 15124 --- [main] liquibase.executor                       : Changelog query completed.
2023-08-25T14:27:46.393+05:00  INFO [news,,] DESKTOP-3D9VEJF 15124 --- [main] liquibase.changelog                      : New row inserted into users
2023-08-25T14:27:46.394+05:00  INFO [news,,] DESKTOP-3D9VEJF 15124 --- [main] liquibase.changelog                      : New row inserted into users
2023-08-25T14:27:46.395+05:00  INFO [news,,] DESKTOP-3D9VEJF 15124 --- [main] liquibase.changelog                      : ChangeSet db/changelog/db.changelog-data-0.0.2.yaml::data-0.0.2::news team ran successfully in 4ms
2023-08-25T14:27:46.396+05:00  INFO [news,,] DESKTOP-3D9VEJF 15124 --- [main] liquibase.executor                       : Changelog query completed.
2023-08-25T14:27:46.397+05:00  INFO [news,,] DESKTOP-3D9VEJF 15124 --- [main] liquibase                                : Update command completed successfully.
2023-08-25T14:27:46.399+05:00  INFO [news,,] DESKTOP-3D9VEJF 15124 --- [main] liquibase.executor                       : Changelog query completed.
2023-08-25T14:27:46.399+05:00  INFO [news,,] DESKTOP-3D9VEJF 15124 --- [main] liquibase.lockservice                    : Successfully released change log lock
2023-08-25T14:27:46.478+05:00  INFO [news,,] DESKTOP-3D9VEJF 15124 --- [main] o.hibernate.jpa.internal.util.LogHelper  : HHH000204: Processing PersistenceUnitInfo [name: default]
2023-08-25T14:27:46.531+05:00  INFO [news,,] DESKTOP-3D9VEJF 15124 --- [main] org.hibernate.Version                    : HHH000412: Hibernate ORM core version 6.2.6.Final
2023-08-25T14:27:46.534+05:00  INFO [news,,] DESKTOP-3D9VEJF 15124 --- [main] org.hibernate.cfg.Environment            : HHH000406: Using bytecode reflection optimizer
2023-08-25T14:27:46.695+05:00  INFO [news,,] DESKTOP-3D9VEJF 15124 --- [main] o.h.b.i.BytecodeProviderInitiator        : HHH000021: Bytecode provider name : bytebuddy
2023-08-25T14:27:46.827+05:00  INFO [news,,] DESKTOP-3D9VEJF 15124 --- [main] o.s.o.j.p.SpringPersistenceUnitInfo      : No LoadTimeWeaver setup: ignoring JPA class transformer
2023-08-25T14:27:47.039+05:00  INFO [news,,] DESKTOP-3D9VEJF 15124 --- [main] o.h.b.i.BytecodeProviderInitiator        : HHH000021: Bytecode provider name : bytebuddy
2023-08-25T14:27:47.584+05:00  INFO [news,,] DESKTOP-3D9VEJF 15124 --- [main] o.h.e.t.j.p.i.JtaPlatformInitiator       : HHH000490: Using JtaPlatform implementation: [org.hibernate.engine.transaction.jta.platform.internal.NoJtaPlatform]
2023-08-25T14:27:47.588+05:00  INFO [news,,] DESKTOP-3D9VEJF 15124 --- [main] j.LocalContainerEntityManagerFactoryBean : Initialized JPA EntityManagerFactory for persistence unit 'default'
2023-08-25T14:27:48.070+05:00 DEBUG [news,,] DESKTOP-3D9VEJF 15124 --- [main] s.w.s.m.m.a.RequestMappingHandlerAdapter : ControllerAdvice beans: 0 @ModelAttribute, 0 @InitBinder, 1 RequestBodyAdvice, 1 ResponseBodyAdvice
2023-08-25T14:27:48.152+05:00 DEBUG [news,,] DESKTOP-3D9VEJF 15124 --- [main] s.w.s.m.m.a.RequestMappingHandlerMapping : 7 mappings in 'requestMappingHandlerMapping'
2023-08-25T14:27:48.170+05:00 DEBUG [news,,] DESKTOP-3D9VEJF 15124 --- [main] o.s.w.s.handler.SimpleUrlHandlerMapping  : Patterns [/webjars/**, /**] in 'resourceHandlerMapping'
2023-08-25T14:27:48.178+05:00 DEBUG [news,,] DESKTOP-3D9VEJF 15124 --- [main] .m.m.a.ExceptionHandlerExceptionResolver : ControllerAdvice beans: 0 @ExceptionHandler, 1 ResponseBodyAdvice
2023-08-25T14:27:48.393+05:00  INFO [news,,] DESKTOP-3D9VEJF 15124 --- [main] o.s.s.web.DefaultSecurityFilterChain     : Will secure any request with [org.springframework.security.web.session.DisableEncodeUrlFilter@56afbace, org.springframework.security.web.context.request.async.WebAsyncManagerIntegrationFilter@40dcbf7, org.springframework.security.web.context.SecurityContextHolderFilter@2c3f81ef, org.springframework.security.web.header.HeaderWriterFilter@403b7be3, org.springframework.security.web.csrf.CsrfFilter@7305a443, org.springframework.security.web.authentication.logout.LogoutFilter@6ba516ff, org.springframework.security.web.authentication.UsernamePasswordAuthenticationFilter@167ccc3c, org.springframework.security.web.authentication.ui.DefaultLoginPageGeneratingFilter@3c00da24, org.springframework.security.web.authentication.ui.DefaultLogoutPageGeneratingFilter@53850535, org.springframework.security.web.authentication.www.BasicAuthenticationFilter@2bef33e7, org.springframework.security.web.savedrequest.RequestCacheAwareFilter@712dd0b0, org.springframework.security.web.servletapi.SecurityContextHolderAwareRequestFilter@78d49939, org.springframework.security.web.authentication.AnonymousAuthenticationFilter@19565b5, org.springframework.security.web.access.ExceptionTranslationFilter@709c6768, org.springframework.security.web.access.intercept.AuthorizationFilter@5a183fa6]
2023-08-25T14:27:48.444+05:00  INFO [news,,] DESKTOP-3D9VEJF 15124 --- [main] o.s.b.w.embedded.tomcat.TomcatWebServer  : Tomcat started on port(s): 8080 (http) with context path ''
2023-08-25T14:27:48.456+05:00  INFO [news,,] DESKTOP-3D9VEJF 15124 --- [main] c.r.database.application.Application     : Started Application in 5.046 seconds (process running for 5.452)
2023-08-25T14:35:56.354+05:00  INFO [news,,] DESKTOP-3D9VEJF 15124 --- [SpringApplicationShutdownHook] j.LocalContainerEntityManagerFactoryBean : Closing JPA EntityManagerFactory for persistence unit 'default'
2023-08-25T14:35:56.356+05:00  INFO [news,,] DESKTOP-3D9VEJF 15124 --- [SpringApplicationShutdownHook] com.zaxxer.hikari.HikariDataSource       : HikariPool-1 - Shutdown initiated...
2023-08-25T14:35:56.358+05:00  INFO [news,,] DESKTOP-3D9VEJF 15124 --- [SpringApplicationShutdownHook] com.zaxxer.hikari.HikariDataSource       : HikariPool-1 - Shutdown completed.
